<?xml version="1.0" encoding="utf-8"?><testsuites name="pytest tests"><testsuite name="pytest" errors="0" failures="0" skipped="34" tests="1873" time="350.699" timestamp="2026-09-24T23:08:15.547844+05:30" hostname="fedora"><testcase classname="tests.api.test_artifacts" name="test_a_recovered_image_is_served_with_its_type_and_renders_inline" time="0.029" /><testcase classname="tests.api.test_artifacts" name="test_a_listing_names_every_artifact_and_no_host_path" time="0.018" /><testcase classname="tests.api.test_artifacts" name="test_download_forces_an_attachment_even_for_a_renderable_type" time="0.019" /><testcase classname="tests.api.test_artifacts" name="test_a_traversal_out_of_the_root_is_refused" time="0.021" /><testcase classname="tests.api.test_artifacts" name="test_an_encoded_traversal_is_refused" time="0.021" /><testcase classname="tests.api.test_artifacts" name="test_an_absolute_path_is_refused_rather_than_joined" time="0.017" /><testcase classname="tests.api.test_artifacts" name="test_a_symlink_pointing_out_of_the_root_is_refused" time="0.015" /><testcase classname="tests.api.test_artifacts" name="test_an_escaping_symlink_is_left_out_of_the_listing" time="0.016" /><testcase classname="tests.api.test_artifacts" name="test_an_unlisted_root_is_refused" time="0.015" /><testcase classname="tests.api.test_artifacts" name="test_a_missing_artifact_is_a_404_and_not_an_exception" time="0.017" /><testcase classname="tests.api.test_artifacts" name="test_a_directory_is_not_served_as_a_file" time="0.015" /><testcase classname="tests.api.test_artifacts" name="test_a_recovered_html_file_never_gets_a_renderable_type" time="0.016" /><testcase classname="tests.api.test_artifacts" name="test_a_recovered_svg_never_gets_a_renderable_type" time="0.016" /><testcase classname="tests.api.test_artifacts" name="test_a_recovered_pdf_downloads_rather_than_opening_in_a_viewer" time="0.000" /><testcase classname="tests.api.test_artifacts" name="test_a_generated_report_pdf_may_render_because_this_tool_wrote_it" time="0.000" /><testcase classname="tests.api.test_artifacts" name="test_a_large_image_is_offered_as_a_download_instead_of_inline" time="0.000" /><testcase classname="tests.api.test_artifacts" name="test_an_unknown_extension_is_opaque" time="0.000" /><testcase classname="tests.api.test_artifacts" name="test_a_filename_with_a_header_break_cannot_reach_the_header" time="0.017" /><testcase classname="tests.api.test_bundle_offline" name="test_the_bundle_exists_and_is_not_empty" time="0.001" /><testcase classname="tests.api.test_bundle_offline" name="test_nothing_in_a_fetchable_position_points_off_this_host" time="0.031" /><testcase classname="tests.api.test_bundle_offline" name="test_every_external_literal_is_a_justified_identifier" time="0.001" /><testcase classname="tests.api.test_bundle_offline" name="test_no_analytics_or_telemetry_host_is_referenced" time="0.001" /><testcase classname="tests.api.test_bundle_offline" name="test_the_html_loads_only_relative_assets" time="0.000" /><testcase classname="tests.api.test_bundle_offline" name="test_no_font_file_is_fetched_because_the_css_uses_system_stacks" time="0.001" /><testcase classname="tests.api.test_bundle_offline" name="test_the_bundle_is_small_enough_to_review" time="0.000" /><testcase classname="tests.api.test_carve_cancellation" name="test_a_carve_cancelled_after_writing_enumerates_the_objects_on_disk" time="0.206" /><testcase classname="tests.api.test_carve_cancellation" name="test_a_carve_cancelled_before_the_scan_says_nothing_was_scanned" time="0.111" /><testcase classname="tests.api.test_carve_cancellation" name="test_the_entry_refuses_to_publish_a_findings_digest" time="0.183" /><testcase classname="tests.api.test_carve_cancellation" name="test_the_chain_is_still_valid_after_a_cancelled_carve" time="0.111" /><testcase classname="tests.api.test_carve_cancellation" name="test_a_completed_carve_records_no_cancellation" time="0.150" /><testcase classname="tests.api.test_carve_cancellation" name="test_cancelling_an_unledgered_carve_does_not_raise" time="0.108" /><testcase classname="tests.api.test_carve_fragment_recovery" name="test_the_pipeline_recovers_a_bifragmented_jpeg[4096]" time="0.234" /><testcase classname="tests.api.test_carve_fragment_recovery" name="test_the_pipeline_recovers_a_bifragmented_jpeg[8192]" time="0.132" /><testcase classname="tests.api.test_carve_fragment_recovery" name="test_a_reassembled_candidate_reconciles_like_any_other[4096]" time="0.174" /><testcase classname="tests.api.test_carve_fragment_recovery" name="test_a_reassembled_candidate_reconciles_like_any_other[8192]" time="0.130" /><testcase classname="tests.api.test_carve_fragment_recovery" name="test_a_split_off_the_4096_grid_on_a_raw_image_is_recovered_exactly_or_not_at_all[1024]" time="0.129" /><testcase classname="tests.api.test_carve_fragment_recovery" name="test_a_split_off_the_4096_grid_on_a_raw_image_is_recovered_exactly_or_not_at_all[2048]" time="0.175" /><testcase classname="tests.api.test_carve_fragment_recovery" name="test_a_missing_tail_fails_cleanly_and_fabricates_nothing" time="0.146" /><testcase classname="tests.api.test_carve_fragment_recovery" name="test_a_written_object_is_the_reassembled_bytes_not_the_span" time="0.129" /><testcase classname="tests.api.test_carve_ledger" name="test_a_carve_writes_a_start_and_a_complete_entry" time="0.164" /><testcase classname="tests.api.test_carve_ledger" name="test_the_chain_verifies_after_a_carve" time="0.166" /><testcase classname="tests.api.test_carve_ledger" name="test_both_entries_carry_the_job_id_the_report_filters_on" time="0.168" /><testcase classname="tests.api.test_carve_ledger" name="test_the_complete_entry_binds_the_candidate_list_by_digest" time="0.134" /><testcase classname="tests.api.test_carve_ledger" name="test_the_entries_identify_the_evidence_that_was_read" time="0.133" /><testcase classname="tests.api.test_carve_ledger" name="test_a_different_image_gets_a_different_identity" time="0.167" /><testcase classname="tests.api.test_carve_ledger" name="test_an_image_smaller_than_the_sample_window_still_identifies" time="0.026" /><testcase classname="tests.api.test_carve_ledger" name="test_a_carve_without_a_ledger_still_runs" time="0.131" /><testcase classname="tests.api.test_carve_pipeline_scoring" name="test_the_pipeline_produced_structure_derived_candidates" time="0.209" /><testcase classname="tests.api.test_carve_pipeline_scoring" name="test_every_candidate_carries_a_decomposed_score" time="0.000" /><testcase classname="tests.api.test_carve_pipeline_scoring" name="test_every_confidence_equals_the_clamped_sum_of_its_components" time="0.000" /><testcase classname="tests.api.test_carve_pipeline_scoring" name="test_every_candidate_carries_the_full_component_set" time="0.000" /><testcase classname="tests.api.test_carve_pipeline_scoring" name="test_no_candidate_carries_a_structure_placeholder_confidence" time="0.000" /><testcase classname="tests.api.test_carve_pipeline_scoring" name="test_the_bucket_matches_the_scored_confidence" time="0.000" /><testcase classname="tests.api.test_carve_pipeline_scoring" name="test_entropy_was_measured_on_every_candidate" time="0.000" /><testcase classname="tests.api.test_carve_pipeline_scoring" name="test_the_recovered_bytes_hash_to_what_the_candidate_claims" time="0.301" /><testcase classname="tests.api.test_carve_pipeline_scoring" name="test_the_pipeline_calls_carve_structures_and_not_both_carvers" time="0.001" /><testcase classname="tests.api.test_carve_spill" name="test_a_payload_round_trips_through_the_spill" time="0.001" /><testcase classname="tests.api.test_carve_spill" name="test_a_key_that_was_never_spilled_reads_as_absent" time="0.001" /><testcase classname="tests.api.test_carve_spill" name="test_the_same_offset_from_two_sources_is_two_objects" time="0.001" /><testcase classname="tests.api.test_carve_spill" name="test_the_filename_is_a_digest_and_never_evidence_supplied_text" time="0.001" /><testcase classname="tests.api.test_carve_spill" name="test_the_name_is_deterministic_across_stores" time="0.001" /><testcase classname="tests.api.test_carve_spill" name="test_two_runs_of_one_job_id_do_not_share_a_directory" time="0.001" /><testcase classname="tests.api.test_carve_spill" name="test_copy_to_streams_the_payload_to_its_destination" time="0.001" /><testcase classname="tests.api.test_carve_spill" name="test_close_removes_the_directory_and_is_idempotent" time="0.001" /><testcase classname="tests.api.test_carve_spill" name="test_a_large_candidate_set_holds_one_payload_at_a_time" time="1.085" /><testcase classname="tests.api.test_carve_spill" name="test_a_completed_carve_leaves_no_spill_behind" time="0.014" /><testcase classname="tests.api.test_carve_spill" name="test_a_cancelled_carve_leaves_no_spill_behind" time="0.001" /><testcase classname="tests.api.test_carve_spill" name="test_a_failed_carve_leaves_no_spill_behind" time="0.001" /><testcase classname="tests.api.test_cases" name="test_an_illegal_case_id_is_refused_because_it_becomes_a_filename[]" time="0.000" /><testcase classname="tests.api.test_cases" name="test_an_illegal_case_id_is_refused_because_it_becomes_a_filename[../escape]" time="0.000" /><testcase classname="tests.api.test_cases" name="test_an_illegal_case_id_is_refused_because_it_becomes_a_filename[a/b]" time="0.000" /><testcase classname="tests.api.test_cases" name="test_an_illegal_case_id_is_refused_because_it_becomes_a_filename[a\\b]" time="0.000" /><testcase classname="tests.api.test_cases" name="test_an_illegal_case_id_is_refused_because_it_becomes_a_filename[.hidden]" time="0.000" /><testcase classname="tests.api.test_cases" name="test_an_illegal_case_id_is_refused_because_it_becomes_a_filename[..]" time="0.000" /><testcase classname="tests.api.test_cases" name="test_an_illegal_case_id_is_refused_because_it_becomes_a_filename[case..2026]" time="0.000" /><testcase classname="tests.api.test_cases" name="test_an_illegal_case_id_is_refused_because_it_becomes_a_filename[xxxxxxxxxxxxxxxxxxxxxxxxxxxxxxxxxxxxxxxxxxxxxxxxxxxxxxxxxxxxxxxxx]" time="0.000" /><testcase classname="tests.api.test_cases" name="test_a_traversing_case_id_is_refused_by_the_api" time="0.015" /><testcase classname="tests.api.test_cases" name="test_a_case_is_created_listed_and_retrieved" time="0.020" /><testcase classname="tests.api.test_cases" name="test_a_duplicate_case_is_refused_rather_than_merged_into" time="0.017" /><testcase classname="tests.api.test_cases" name="test_a_missing_case_is_a_404_with_a_remediation" time="0.014" /><testcase classname="tests.api.test_cases" name="test_the_creator_is_the_trusted_identity_and_not_a_body_field" time="0.017" /><testcase classname="tests.api.test_cases" name="test_evidence_is_registered_against_a_case" time="0.021" /><testcase classname="tests.api.test_cases" name="test_a_job_started_under_a_case_appears_in_its_operations_and_timeline" time="0.033" /><testcase classname="tests.api.test_cases" name="test_a_job_naming_an_unknown_case_still_runs" time="0.016" /><testcase classname="tests.api.test_cases" name="test_an_unreadable_case_document_does_not_break_the_listing" time="0.002" /><testcase classname="tests.api.test_cases" name="test_the_case_screen_reports_the_chains_integrity_and_not_the_documents" time="0.019" /><testcase classname="tests.api.test_end_to_end" name="test_acquire_stream_report_and_verify_through_the_api_only" time="0.212" /><testcase classname="tests.api.test_end_to_end" name="test_a_tampered_report_fails_its_signature_check" time="0.096" /><testcase classname="tests.api.test_endpoints" name="test_devices_returns_capability_and_hidden_area_reports" time="0.007" /><testcase classname="tests.api.test_endpoints" name="test_a_failed_probe_does_not_fail_the_whole_list" time="0.007" /><testcase classname="tests.api.test_endpoints" name="test_devices_reports_helper_failure_as_a_limitation_not_a_500" time="0.006" /><testcase classname="tests.api.test_endpoints" name="test_erase_drive_defaults_to_dry_run_when_the_flag_is_omitted" time="0.017" /><testcase classname="tests.api.test_endpoints" name="test_erase_files_defaults_to_dry_run_when_the_flag_is_omitted" time="0.019" /><testcase classname="tests.api.test_endpoints" name="test_erase_files_without_confirm_is_refused" time="0.014" /><testcase classname="tests.api.test_endpoints" name="test_a_mismatched_serial_is_refused_with_the_remediation_verbatim" time="0.015" /><testcase classname="tests.api.test_endpoints" name="test_a_missing_serial_with_dry_run_off_is_refused_before_the_helper" time="0.013" /><testcase classname="tests.api.test_endpoints" name="test_a_matching_serial_is_accepted" time="0.014" /><testcase classname="tests.api.test_endpoints" name="test_the_typed_serial_is_never_echoed_back" time="0.015" /><testcase classname="tests.api.test_endpoints" name="test_an_unknown_device_is_refused_with_its_remediation" time="0.013" /><testcase classname="tests.api.test_endpoints" name="test_acquire_rejects_a_missing_source" time="0.014" /><testcase classname="tests.api.test_endpoints" name="test_carve_rejects_a_missing_image" time="0.012" /><testcase classname="tests.api.test_endpoints" name="test_an_unknown_job_is_a_clean_error_not_a_traceback" time="0.013" /><testcase classname="tests.api.test_endpoints" name="test_cancel_is_accepted_and_recorded" time="0.017" /><testcase classname="tests.api.test_endpoints" name="test_job_status_carries_its_ledger_entries" time="0.040" /><testcase classname="tests.api.test_endpoints" name="test_ledger_verify_reports_a_valid_chain" time="0.019" /><testcase classname="tests.api.test_endpoints" name="test_ledger_entries_come_back_newest_first" time="0.624" /><testcase classname="tests.api.test_endpoints" name="test_every_response_carries_a_restrictive_csp" time="0.019" /><testcase classname="tests.api.test_endpoints" name="test_the_interactive_docs_are_not_served" time="0.017" /><testcase classname="tests.api.test_endpoints" name="test_the_app_is_configured_for_loopback_only" time="0.000" /><testcase classname="tests.api.test_endpoints" name="test_an_unanticipated_failure_returns_an_incident_id_and_not_the_message" time="0.020" /><testcase classname="tests.api.test_erase_job_ledger" name="test_the_helper_receives_the_job_id_the_caller_was_given" time="0.020" /><testcase classname="tests.api.test_erase_job_ledger" name="test_the_helper_is_never_handed_a_placeholder_id" time="0.017" /><testcase classname="tests.api.test_erase_job_ledger" name="test_the_returned_id_keeps_the_registry_s_own_shape" time="0.014" /><testcase classname="tests.api.test_erase_job_ledger" name="test_the_job_is_filed_in_the_registry_under_that_same_id" time="0.015" /><testcase classname="tests.api.test_erase_job_ledger" name="test_progress_records_carry_the_job_id_the_caller_can_stream" time="0.019" /><testcase classname="tests.api.test_erase_job_ledger" name="test_no_placeholder_job_id_literal_survives_in_the_route" time="0.001" /><testcase classname="tests.api.test_erase_streaming_and_cancel" name="test_progress_is_visible_while_the_wipe_is_still_running" time="0.021" /><testcase classname="tests.api.test_erase_streaming_and_cancel" name="test_cancel_stops_the_engine_rather_than_setting_a_flag" time="0.027" /><testcase classname="tests.api.test_erase_streaming_and_cancel" name="test_the_stream_reports_the_cancellation_as_its_terminal_state" time="0.228" /><testcase classname="tests.api.test_ledger_contention" name="test_the_engine_terminal_entry_lands_when_another_writer_appends_between_yields" time="0.168" /><testcase classname="tests.api.test_ledger_contention" name="test_a_carve_job_completes_while_another_thread_hammers_the_chain" time="0.207" /><testcase classname="tests.api.test_ledger_contention" name="test_a_report_whose_append_cannot_get_the_lock_is_a_503_with_remediation" time="0.071" /><testcase classname="tests.api.test_offline_serving" name="test_the_ui_and_api_work_with_no_route_off_the_machine" time="0.421"><skipped type="pytest.skip" message="unprivileged network namespaces are unavailable on this host: Traceback (most recent call last):&#10;  File &quot;&lt;string&gt;&quot;, line 21, in &lt;module&gt;&#10;NameError: name 'LOOPBACK_BASE_URL' is not defined">/home/v0idsai/Projects/sanctum-forensics/tests/api/test_offline_serving.py:87: unprivileged network namespaces are unavailable on this host: Traceback (most recent call last):
  File "&lt;string&gt;", line 21, in &lt;module&gt;
NameError: name 'LOOPBACK_BASE_URL' is not defined</skipped></testcase><testcase classname="tests.api.test_operator_identity" name="test_the_helper_answers_whoami_from_its_own_uid_not_the_request" time="0.002" /><testcase classname="tests.api.test_operator_identity" name="test_whoami_is_in_the_allowlist_and_not_a_side_door" time="0.000" /><testcase classname="tests.api.test_operator_identity" name="test_a_confined_daemon_reports_the_stronger_basis" time="0.001" /><testcase classname="tests.api.test_operator_identity" name="test_a_client_supplied_operator_never_becomes_the_ledger_actor" time="0.025" /><testcase classname="tests.api.test_operator_identity" name="test_a_claimed_name_is_kept_as_a_label_and_marked_as_one" time="0.025" /><testcase classname="tests.api.test_operator_identity" name="test_a_label_cannot_impersonate_the_trusted_half_of_the_string" time="0.000" /><testcase classname="tests.api.test_operator_identity" name="test_a_label_cannot_smuggle_a_newline_into_the_chain" time="0.000" /><testcase classname="tests.api.test_operator_identity" name="test_the_default_placeholder_is_not_recorded_as_a_label" time="0.000" /><testcase classname="tests.api.test_operator_identity" name="test_a_label_is_bounded" time="0.003" /><testcase classname="tests.api.test_operator_identity" name="test_the_identity_claims_an_account_and_not_a_person" time="0.001" /><testcase classname="tests.api.test_operator_identity" name="test_an_unreachable_helper_degrades_and_says_so_rather_than_trusting_input" time="0.001" /><testcase classname="tests.api.test_operator_identity" name="test_a_report_carries_the_identity_limitation" time="0.158" /><testcase classname="tests.api.test_output_path_confinement" name="test_a_relative_dest_lands_in_the_evidence_directory" time="0.019" /><testcase classname="tests.api.test_output_path_confinement" name="test_an_absolute_dest_outside_the_evidence_directory_is_refused" time="0.015" /><testcase classname="tests.api.test_output_path_confinement" name="test_a_traversal_dest_is_refused" time="0.013" /><testcase classname="tests.api.test_output_path_confinement" name="test_a_symlink_planted_inside_the_directory_cannot_lead_out_of_it" time="0.013" /><testcase classname="tests.api.test_output_path_confinement" name="test_the_refusal_names_the_directory_the_operator_may_use" time="0.012" /><testcase classname="tests.api.test_output_path_confinement" name="test_a_relative_out_dir_lands_in_the_recovered_directory" time="0.027" /><testcase classname="tests.api.test_output_path_confinement" name="test_recovered_objects_do_not_go_to_the_evidence_directory" time="0.013" /><testcase classname="tests.api.test_output_path_confinement" name="test_an_absolute_out_dir_outside_the_recovered_directory_is_refused" time="0.014" /><testcase classname="tests.api.test_output_path_confinement" name="test_a_traversal_out_dir_is_refused" time="0.014" /><testcase classname="tests.api.test_output_path_confinement" name="test_a_symlinked_out_dir_cannot_lead_out_of_the_recovered_directory" time="0.013" /><testcase classname="tests.api.test_output_path_confinement" name="test_the_out_dir_refusal_names_the_directory_the_operator_may_use" time="0.012" /><testcase classname="tests.api.test_output_path_confinement" name="test_omitting_out_dir_still_means_write_nothing" time="0.017" /><testcase classname="tests.api.test_pii_no_leak" name="test_no_planted_identifier_appears_in_any_sink" time="1.051" /><testcase classname="tests.api.test_platform_in_report" name="test_a_file_erase_report_records_the_platform" time="0.098" /><testcase classname="tests.api.test_platform_in_report" name="test_the_desktop_app_can_sign_with_a_typed_passphrase" time="0.103" /><testcase classname="tests.api.test_report_anchor" name="test_without_an_anchor_the_report_says_nothing_was_published" time="0.077" /><testcase classname="tests.api.test_report_anchor" name="test_the_root_matches_the_chain_it_was_computed_over" time="0.077" /><testcase classname="tests.api.test_report_anchor" name="test_a_configured_file_anchor_receives_the_root" time="0.080" /><testcase classname="tests.api.test_report_job_state" name="test_a_report_for_a_running_job_is_refused_and_nothing_is_written" time="0.022" /><testcase classname="tests.api.test_report_job_state" name="test_a_report_for_a_job_nobody_has_seen_is_refused_as_unknown" time="0.019" /><testcase classname="tests.api.test_report_job_state" name="test_a_job_forgotten_by_a_restart_is_rebuilt_from_the_chain" time="0.082" /><testcase classname="tests.api.test_report_job_state" name="test_a_report_rebuilt_after_a_restart_still_verifies" time="0.083" /><testcase classname="tests.api.test_report_job_state" name="test_a_job_with_chain_entries_but_no_outcome_is_still_unknown" time="0.039" /><testcase classname="tests.api.test_report_job_state" name="test_a_report_for_a_failed_job_carries_its_state_and_a_caveat" time="0.064" /><testcase classname="tests.api.test_report_job_state" name="test_a_report_for_a_cancelled_job_carries_its_state_and_a_caveat" time="0.071" /><testcase classname="tests.api.test_report_job_state" name="test_a_report_for_a_completed_job_is_unaffected_apart_from_naming_its_state" time="0.085" /><testcase classname="tests.api.test_report_per_job" name="test_two_reports_in_one_case_do_not_overwrite_each_other" time="0.242" /><testcase classname="tests.api.test_report_per_job" name="test_report_urls_resolve_through_the_artifact_endpoint" time="0.088" /><testcase classname="tests.api.test_report_per_job" name="test_the_report_entry_actor_is_the_trusted_identity" time="0.078" /><testcase classname="tests.api.test_report_per_job" name="test_a_job_id_that_is_not_a_name_is_refused" time="0.019" /><testcase classname="tests.api.test_report_resolution" name="test_generating_a_report_appends_a_chain_entry_naming_the_artifact" time="0.077" /><testcase classname="tests.api.test_report_resolution" name="test_the_chain_still_verifies_after_a_report_entry" time="0.082" /><testcase classname="tests.api.test_report_resolution" name="test_verify_resolves_the_report_belonging_to_the_job" time="0.080" /><testcase classname="tests.api.test_report_resolution" name="test_a_directory_of_other_reports_never_answers_for_this_job" time="0.156" /><testcase classname="tests.api.test_report_resolution" name="test_a_job_with_no_report_is_a_404_naming_the_job" time="0.034" /><testcase classname="tests.api.test_report_resolution" name="test_an_unknown_job_is_a_404_not_a_report" time="0.020" /><testcase classname="tests.api.test_report_resolution" name="test_regenerating_a_report_resolves_to_the_newest_one" time="0.124" /><testcase classname="tests.api.test_report_resolution" name="test_a_report_deleted_after_generation_is_a_404_naming_the_path" time="0.082" /><testcase classname="tests.api.test_report_resolution" name="test_verify_reports_whether_the_file_is_still_the_recorded_bytes" time="0.085" /><testcase classname="tests.api.test_report_resolution" name="test_no_glob_fallback_remains_in_the_source" time="0.000" /><testcase classname="tests.api.test_report_verdict_api" name="test_verify_returns_a_verdict_and_reasons" time="0.097" /><testcase classname="tests.api.test_report_verdict_api" name="test_a_passing_report_is_never_failed_and_a_failing_one_never_verified" time="0.098" /><testcase classname="tests.api.test_resume" name="test_an_overwrite_with_a_checkpoint_is_resumable" time="0.016" /><testcase classname="tests.api.test_resume" name="test_the_latest_checkpoint_wins" time="0.014" /><testcase classname="tests.api.test_resume" name="test_a_firmware_sanitize_is_not_resumable_and_says_why" time="0.014" /><testcase classname="tests.api.test_resume" name="test_an_overwrite_that_never_checkpointed_is_not_resumable" time="0.014" /><testcase classname="tests.api.test_resume" name="test_an_unknown_job_is_not_resumable" time="0.012" /><testcase classname="tests.api.test_resume" name="test_posting_a_resume_for_a_firmware_job_is_refused" time="0.015" /><testcase classname="tests.api.test_resume" name="test_a_real_resume_without_a_typed_serial_is_refused" time="0.014" /><testcase classname="tests.api.test_resume" name="test_a_resume_defaults_to_a_dry_run" time="0.016" /><testcase classname="tests.api.test_resume" name="test_resume_is_in_the_helper_allowlist_on_both_paths" time="0.000" /><testcase classname="tests.api.test_signing_key_state" name="test_no_key_and_no_chain_warns_before_the_first_job" time="0.020" /><testcase classname="tests.api.test_signing_key_state" name="test_a_chain_started_without_a_key_is_reported_even_after_a_key_exists" time="0.020" /><testcase classname="tests.api.test_signing_key_state" name="test_a_key_minted_before_the_chain_raises_nothing" time="0.021" /><testcase classname="tests.api.test_signing_key_state" name="test_the_check_never_creates_a_key" time="0.020" /><testcase classname="tests.api.test_streaming" name="test_a_subscriber_replays_the_backlog_then_follows_live" time="0.011" /><testcase classname="tests.api.test_streaming" name="test_a_subscriber_to_a_finished_job_still_gets_the_whole_history" time="0.001" /><testcase classname="tests.api.test_streaming" name="test_a_failing_job_is_recorded_rather_than_lost" time="0.001" /><testcase classname="tests.api.test_streaming" name="test_the_progress_buffer_is_bounded_and_says_when_it_truncated" time="0.001" /><testcase classname="tests.api.test_streaming" name="test_cancellation_is_cooperative_not_a_kill" time="0.006" /><testcase classname="tests.api.test_streaming" name="test_an_event_is_one_data_line_so_a_client_never_has_to_reassemble" time="0.000" /><testcase classname="tests.api.test_streaming" name="test_the_stream_yields_progress_and_terminates_with_a_state_event" time="0.024" /><testcase classname="tests.api.test_streaming" name="test_reconnecting_after_a_disconnect_replays_the_whole_run" time="0.028" /><testcase classname="tests.api.test_streaming" name="test_streaming_an_unknown_job_is_refused_cleanly" time="0.012" /><testcase classname="tests.api.test_tamper_demo" name="test_the_demonstration_breaks_a_copy_and_reports_the_exact_sequence" time="0.079" /><testcase classname="tests.api.test_tamper_demo" name="test_entries_before_the_break_remain_verified" time="0.078" /><testcase classname="tests.api.test_tamper_demo" name="test_the_production_ledger_is_byte_identical_afterwards" time="0.084" /><testcase classname="tests.api.test_tamper_demo" name="test_the_scratch_copy_is_removed" time="0.076" /><testcase classname="tests.api.test_tamper_demo" name="test_a_named_sequence_is_the_one_that_breaks" time="0.077" /><testcase classname="tests.api.test_tamper_demo" name="test_the_genesis_entry_cannot_be_chosen" time="0.196" /><testcase classname="tests.api.test_tamper_demo" name="test_a_sequence_outside_the_chain_is_refused" time="0.073" /><testcase classname="tests.api.test_tamper_demo" name="test_a_chain_too_short_to_demonstrate_on_is_refused" time="0.020" /><testcase classname="tests.api.test_wipe_free_space_route" name="test_a_folder_that_is_not_a_mount_point_is_refused" time="0.015" /><testcase classname="tests.api.test_wipe_free_space_route" name="test_the_system_volume_is_refused_before_a_job_exists" time="0.013" /><testcase classname="tests.api.test_wipe_free_space_route" name="test_the_volume_holding_the_ledger_is_refused" time="0.012" /><testcase classname="tests.api.test_wipe_free_space_route" name="test_a_real_run_without_the_identifier_is_refused" time="0.013" /><testcase classname="tests.api.test_wipe_free_space_route" name="test_a_defaulted_request_simulates_and_writes_nothing" time="0.039" /><testcase classname="tests.carve.fsaware.test_calibration" name="test_every_filesystem_in_the_corpus_gets_a_measured_row" time="7.226" /><testcase classname="tests.carve.fsaware.test_calibration" name="test_ntfs_recall_is_high_and_ext4_recall_is_not" time="0.000" /><testcase classname="tests.carve.fsaware.test_calibration" name="test_every_recovered_candidate_carries_a_name" time="0.000" /><testcase classname="tests.carve.fsaware.test_calibration" name="test_the_fs_metadata_weight_sits_at_its_measured_ceiling" time="16.047" /><testcase classname="tests.carve.fsaware.test_calibration" name="test_the_harness_writes_a_table_a_reader_can_check" time="64.354" /><testcase classname="tests.carve.fsaware.test_clamped_score_on_real_volumes" name="test_a_real_volume_produces_a_candidate_whose_components_exceed_the_clamp" time="3.280" /><testcase classname="tests.carve.fsaware.test_clamped_score_on_real_volumes" name="test_the_stored_total_is_always_the_clamped_sum" time="3.281" /><testcase classname="tests.carve.fsaware.test_corpus_needs_no_root" name="test_every_filesystem_image_builds_as_an_unprivileged_user" time="0.127" /><testcase classname="tests.carve.fsaware.test_corpus_needs_no_root" name="test_the_full_corpus_fixture_itself_was_built_unprivileged" time="0.001" /><testcase classname="tests.carve.fsaware.test_ext4_journal" name="test_a_deleted_inode_with_an_intact_extent_tree_is_recovered" time="0.000" /><testcase classname="tests.carve.fsaware.test_ext4_journal" name="test_the_partition_offset_is_added_to_every_recovered_extent" time="0.000" /><testcase classname="tests.carve.fsaware.test_ext4_journal" name="test_jbd2_bookkeeping_blocks_are_never_read_as_inode_tables" time="0.000" /><testcase classname="tests.carve.fsaware.test_ext4_journal" name="test_a_live_inode_is_not_reported_as_deleted" time="0.000" /><testcase classname="tests.carve.fsaware.test_ext4_journal" name="test_a_deleted_directory_is_not_recovered_as_a_file" time="0.000" /><testcase classname="tests.carve.fsaware.test_ext4_journal" name="test_an_inode_whose_extent_tree_was_zeroed_yields_nothing" time="0.000" /><testcase classname="tests.carve.fsaware.test_ext4_journal" name="test_random_bytes_do_not_become_recovered_files" time="0.000" /><testcase classname="tests.carve.fsaware.test_ext4_journal" name="test_the_same_inode_seen_in_several_transactions_is_reported_once" time="0.000" /><testcase classname="tests.carve.fsaware.test_unallocated_bounding" name="test_bounding_the_scan_to_unallocated_space_loses_recall[fat32.img]" time="5.058" /><testcase classname="tests.carve.fsaware.test_unallocated_bounding" name="test_bounding_the_scan_to_unallocated_space_loses_recall[fat32-neighbours.img]" time="2.886" /><testcase classname="tests.carve.fsaware.test_unallocated_bounding" name="test_bounding_the_scan_to_unallocated_space_loses_recall[exfat.img]" time="0.366" /><testcase classname="tests.carve.fsaware.test_unallocated_bounding" name="test_bounding_costs_nothing_on_ntfs" time="0.874" /><testcase classname="tests.carve.fsaware.test_unallocated_bounding" name="test_the_pipeline_does_not_bound_the_scan" time="0.001" /><testcase classname="tests.carve.fsaware.test_undelete" name="test_ntfs_recovers_every_deleted_file_byte_identical" time="0.011" /><testcase classname="tests.carve.fsaware.test_undelete" name="test_ntfs_recovers_the_original_names_not_just_the_bytes" time="0.011" /><testcase classname="tests.carve.fsaware.test_undelete" name="test_a_reused_mft_record_yields_a_name_from_index_slack_and_no_content" time="0.022" /><testcase classname="tests.carve.fsaware.test_undelete" name="test_fat32_recovers_a_contiguous_deleted_file_and_says_it_assumed_contiguity" time="0.261" /><testcase classname="tests.carve.fsaware.test_undelete" name="test_fat32_says_a_fragmented_recovery_is_partial_rather_than_reporting_success" time="0.239" /><testcase classname="tests.carve.fsaware.test_undelete" name="test_fat32_proves_fragmentation_when_a_live_file_sits_inside_the_span" time="0.126" /><testcase classname="tests.carve.fsaware.test_undelete" name="test_exfat_with_nofatchain_recovers_exactly_and_says_it_was_really_contiguous" time="0.005" /><testcase classname="tests.carve.fsaware.test_undelete" name="test_ext3_inode_undelete_returns_the_original_bytes" time="0.004" /><testcase classname="tests.carve.fsaware.test_undelete" name="test_ext2_inode_undelete_returns_the_original_bytes" time="0.004" /><testcase classname="tests.carve.fsaware.test_undelete" name="test_ext4_recovery_is_poor_and_the_limitation_is_stated" time="0.007" /><testcase classname="tests.carve.fsaware.test_undelete" name="test_offsets_are_image_absolute_not_partition_relative" time="0.034" /><testcase classname="tests.carve.fsaware.test_undelete" name="test_a_corrupted_partition_table_degrades_to_whole_image_carving" time="0.019" /><testcase classname="tests.carve.fsaware.test_undelete" name="test_a_zeroed_boot_sector_degrades_without_raising" time="0.012" /><testcase classname="tests.carve.fsaware.test_undelete" name="test_a_quick_format_leaves_content_for_the_carver_and_nothing_for_undelete" time="0.012" /><testcase classname="tests.carve.fsaware.test_undelete" name="test_pytsk3_never_opens_the_image_itself" time="0.031" /><testcase classname="tests.carve.fsaware.test_undelete" name="test_the_unallocated_map_is_returned_rather_than_left_to_be_recomputed" time="0.012" /><testcase classname="tests.carve.fsaware.test_undelete" name="test_recovered_content_matches_the_hash_the_candidate_claims" time="0.012" /><testcase classname="tests.carve.fsaware.test_undelete_mpf_damage" name="test_a_reused_cluster_in_a_deleted_photo_is_not_called_valid[mpo]" time="4.639" /><testcase classname="tests.carve.fsaware.test_undelete_mpf_damage" name="test_a_reused_cluster_in_a_deleted_photo_is_not_called_valid[jpeg]" time="1.314" /><testcase classname="tests.carve.score.test_calibration" name="test_calibration_runs_end_to_end_and_populates_every_bucket" time="0.811" /><testcase classname="tests.carve.score.test_calibration" name="test_buckets_mean_what_they_claim" time="0.783" /><testcase classname="tests.carve.score.test_calibration" name="test_scored_candidates_carry_their_components" time="0.830" /><testcase classname="tests.carve.score.test_calibration" name="test_chart_is_written_when_matplotlib_is_installed" time="1.320" /><testcase classname="tests.carve.score.test_clamp_reconciliation" name="test_the_six_components_really_do_sum_past_the_ceiling" time="0.000" /><testcase classname="tests.carve.score.test_clamp_reconciliation" name="test_a_fully_corroborated_candidate_stores_the_clamp_not_the_sum" time="0.000" /><testcase classname="tests.carve.score.test_clamp_reconciliation" name="test_the_reconciliation_rule_that_does_hold_everywhere" time="0.000" /><testcase classname="tests.carve.score.test_clamp_reconciliation" name="test_the_unclamped_case_still_reconciles_exactly" time="0.000" /><testcase classname="tests.carve.score.test_classify" name="test_ooxml_is_named_from_its_parts_not_its_signature" time="0.001" /><testcase classname="tests.carve.score.test_classify" name="test_plain_archive_stays_an_archive" time="0.010" /><testcase classname="tests.carve.score.test_classify" name="test_undecodable_content_reports_that_nobody_looked" time="0.000" /><testcase classname="tests.carve.score.test_classify" name="test_gps_flag_is_set_only_when_the_photo_carries_coordinates" time="0.020" /><testcase classname="tests.carve.score.test_classify" name="test_macro_flag_is_set_from_the_vba_part" time="0.001" /><testcase classname="tests.carve.score.test_classify" name="test_password_protected_archive_is_flagged_without_decrypting" time="0.000" /><testcase classname="tests.carve.score.test_classify" name="test_identical_content_is_reported_once_with_every_offset" time="0.000" /><testcase classname="tests.carve.score.test_classify" name="test_different_content_is_not_folded_together" time="0.000" /><testcase classname="tests.carve.score.test_classify" name="test_dedupe_keeps_the_highest_scoring_copy" time="0.000" /><testcase classname="tests.carve.score.test_classify" name="test_filename_sorts_by_offset_and_carries_its_provenance" time="0.000" /><testcase classname="tests.carve.score.test_classify" name="test_recovered_bytes_are_written_to_the_output_directory" time="0.001" /><testcase classname="tests.carve.score.test_classify" name="test_writing_into_the_evidence_path_is_refused" time="0.001" /><testcase classname="tests.carve.score.test_entropy_measurement" name="test_measured_entropy_equals_the_calibrated_definition[empty]" time="0.000" /><testcase classname="tests.carve.score.test_entropy_measurement" name="test_measured_entropy_equals_the_calibrated_definition[one byte]" time="0.000" /><testcase classname="tests.carve.score.test_entropy_measurement" name="test_measured_entropy_equals_the_calibrated_definition[all zeros]" time="0.001" /><testcase classname="tests.carve.score.test_entropy_measurement" name="test_measured_entropy_equals_the_calibrated_definition[one repeated byte]" time="0.001" /><testcase classname="tests.carve.score.test_entropy_measurement" name="test_measured_entropy_equals_the_calibrated_definition[random]" time="0.003" /><testcase classname="tests.carve.score.test_entropy_measurement" name="test_measured_entropy_equals_the_calibrated_definition[prose]" time="0.002" /><testcase classname="tests.carve.score.test_entropy_measurement" name="test_measured_entropy_equals_the_calibrated_definition[prose then random]" time="0.001" /><testcase classname="tests.carve.score.test_entropy_measurement" name="test_measured_entropy_equals_the_calibrated_definition[shorter than one window]" time="0.000" /><testcase classname="tests.carve.score.test_entropy_measurement" name="test_measured_entropy_equals_the_calibrated_definition[exactly one window]" time="0.001" /><testcase classname="tests.carve.score.test_entropy_measurement" name="test_measured_entropy_equals_the_calibrated_definition[one window and one byte]" time="0.001" /><testcase classname="tests.carve.score.test_entropy_measurement" name="test_measured_entropy_equals_the_calibrated_definition[every byte value once]" time="0.000" /><testcase classname="tests.carve.score.test_entropy_measurement" name="test_a_window_of_one_repeated_byte_is_zero_bits" time="0.000" /><testcase classname="tests.carve.score.test_entropy_measurement" name="test_a_window_of_every_byte_value_is_eight_bits" time="0.000" /><testcase classname="tests.carve.score.test_mpf_frames" name="test_a_carved_mpf_photo_without_its_second_image_is_valid" time="0.093" /><testcase classname="tests.carve.score.test_mpf_frames" name="test_the_pipeline_scores_a_carved_mpf_photo_like_any_whole_jpeg" time="0.133" /><testcase classname="tests.carve.score.test_mpf_frames" name="test_an_mpo_holding_every_frame_still_decodes_every_frame" time="0.030" /><testcase classname="tests.carve.score.test_mpf_frames" name="test_a_frame_inside_the_object_that_fails_to_decode_is_still_corrupt" time="0.001" /><testcase classname="tests.carve.score.test_mpf_frames" name="test_foreign_bytes_in_the_first_image_of_an_mpo_are_corrupt[zeros]" time="0.028" /><testcase classname="tests.carve.score.test_mpf_frames" name="test_foreign_bytes_in_the_first_image_of_an_mpo_are_corrupt[text]" time="0.009" /><testcase classname="tests.carve.score.test_mpf_frames" name="test_a_frame_cut_off_inside_the_object_is_not_valid" time="0.001" /><testcase classname="tests.carve.score.test_new_validators" name="test_tiff_alone_is_valid" time="0.001" /><testcase classname="tests.carve.score.test_new_validators" name="test_tiff_followed_by_the_rest_of_the_medium_is_not_valid" time="0.007" /><testcase classname="tests.carve.score.test_new_validators" name="test_whole_wav_is_valid" time="0.000" /><testcase classname="tests.carve.score.test_new_validators" name="test_wav_missing_its_samples_is_truncated" time="0.000" /><testcase classname="tests.carve.score.test_new_validators" name="test_whole_gzip_member_is_valid" time="0.000" /><testcase classname="tests.carve.score.test_new_validators" name="test_gzip_cut_short_is_truncated" time="0.000" /><testcase classname="tests.carve.score.test_new_validators" name="test_gzip_with_a_corrupted_byte_is_corrupt" time="0.000" /><testcase classname="tests.carve.score.test_new_validators" name="test_whole_tar_is_valid" time="0.001" /><testcase classname="tests.carve.score.test_new_validators" name="test_tar_cut_inside_a_member_is_not_valid" time="0.000" /><testcase classname="tests.carve.score.test_reassembly_confidence" name="test_every_candidate_reports_the_reassembly_component" time="0.000" /><testcase classname="tests.carve.score.test_reassembly_confidence" name="test_the_same_bytes_score_high_contiguous_and_medium_reassembled" time="0.023" /><testcase classname="tests.carve.score.test_reassembly_confidence" name="test_no_combination_of_components_lifts_a_reassembled_object_into_high[False]" time="0.000" /><testcase classname="tests.carve.score.test_reassembly_confidence" name="test_no_combination_of_components_lifts_a_reassembled_object_into_high[True]" time="0.000" /><testcase classname="tests.carve.score.test_reassembly_confidence" name="test_a_reassembled_object_below_the_ceiling_is_not_marked_down" time="0.000" /><testcase classname="tests.carve.score.test_reassembly_confidence" name="test_losing_an_overlap_keeps_the_arithmetic_honest" time="0.012" /><testcase classname="tests.carve.score.test_score" name="test_each_component_is_worth_exactly_its_weight[evidence0-header-2000]" time="0.001" /><testcase classname="tests.carve.score.test_score" name="test_each_component_is_worth_exactly_its_weight[evidence1-exact_length-1500]" time="0.000" /><testcase classname="tests.carve.score.test_score" name="test_each_component_is_worth_exactly_its_weight[evidence2-decoder-4000]" time="0.001" /><testcase classname="tests.carve.score.test_score" name="test_each_component_is_worth_exactly_its_weight[evidence3-decoder-1000]" time="0.000" /><testcase classname="tests.carve.score.test_score" name="test_each_component_is_worth_exactly_its_weight[evidence4-decoder-0]" time="0.000" /><testcase classname="tests.carve.score.test_score" name="test_each_component_is_worth_exactly_its_weight[evidence5-decoder-1000]" time="0.000" /><testcase classname="tests.carve.score.test_score" name="test_each_component_is_worth_exactly_its_weight[evidence6-entropy-1000]" time="0.000" /><testcase classname="tests.carve.score.test_score" name="test_each_component_is_worth_exactly_its_weight[evidence7-fs_metadata-1500]" time="0.000" /><testcase classname="tests.carve.score.test_score" name="test_each_component_is_worth_exactly_its_weight[evidence8-no_overlap-500]" time="0.000" /><testcase classname="tests.carve.score.test_score" name="test_each_component_is_worth_exactly_its_weight[evidence9-no_overlap-0]" time="0.000" /><testcase classname="tests.carve.score.test_score" name="test_components_that_were_not_established_are_reported_as_zero" time="0.000" /><testcase classname="tests.carve.score.test_score" name="test_every_component_at_once_clamps_to_ten_thousand" time="0.000" /><testcase classname="tests.carve.score.test_score" name="test_no_decoder_verdict_can_reach_the_high_bucket" time="0.000" /><testcase classname="tests.carve.score.test_score" name="test_bucket_boundaries[10000-HIGH]" time="0.000" /><testcase classname="tests.carve.score.test_score" name="test_bucket_boundaries[8000-HIGH]" time="0.000" /><testcase classname="tests.carve.score.test_score" name="test_bucket_boundaries[7999-MEDIUM]" time="0.000" /><testcase classname="tests.carve.score.test_score" name="test_bucket_boundaries[5000-MEDIUM]" time="0.000" /><testcase classname="tests.carve.score.test_score" name="test_bucket_boundaries[4999-LOW]" time="0.000" /><testcase classname="tests.carve.score.test_score" name="test_entropy_separates_compressed_data_from_prose" time="0.004" /><testcase classname="tests.carve.score.test_score" name="test_jpeg_header_over_prose_scores_low" time="0.018" /><testcase classname="tests.carve.score.test_score" name="test_measured_entropy_is_recorded_on_the_candidate" time="0.011" /><testcase classname="tests.carve.score.test_score" name="test_whole_jpeg_scores_high" time="0.020" /><testcase classname="tests.carve.score.test_score" name="test_truncated_jpeg_never_scores_high" time="0.011" /><testcase classname="tests.carve.score.test_score" name="test_unmeasured_components_are_not_assumed" time="0.000" /><testcase classname="tests.carve.score.test_score" name="test_filesystem_metadata_corroborates" time="0.020" /><testcase classname="tests.carve.score.test_score" name="test_overlapping_loser_is_marked_not_deleted" time="0.000" /><testcase classname="tests.carve.score.test_score" name="test_non_overlapping_candidates_keep_their_score" time="0.000" /><testcase classname="tests.carve.score.test_validate" name="test_whole_jpeg_validates_valid" time="0.009" /><testcase classname="tests.carve.score.test_validate" name="test_truncated_jpeg_validates_truncated" time="0.001" /><testcase classname="tests.carve.score.test_validate" name="test_load_truncated_images_stays_disabled" time="0.000" /><testcase classname="tests.carve.score.test_validate" name="test_declared_bomb_is_corrupt_and_bounded" time="0.000" /><testcase classname="tests.carve.score.test_validate" name="test_password_protected_zip_does_not_attempt_decryption" time="0.000" /><testcase classname="tests.carve.score.test_validate" name="test_ooxml_needs_its_document_part" time="0.000" /><testcase classname="tests.carve.score.test_validate" name="test_ooxml_with_unparseable_document_part_is_corrupt" time="0.000" /><testcase classname="tests.carve.score.test_validate" name="test_unregistered_format_is_decoder_unavailable" time="0.000" /><testcase classname="tests.carve.score.test_validate" name="test_mp4_without_ffprobe_is_not_claimed_valid" time="0.000" /><testcase classname="tests.carve.score.test_validate" name="test_validate_candidate_reads_through_the_evidence" time="0.009" /><testcase classname="tests.carve.score.test_validate" name="test_sqlite_integrity_check_runs_in_memory" time="0.001" /><testcase classname="tests.carve.score.test_validate" name="test_truncated_sqlite_is_reported_truncated" time="0.001" /><testcase classname="tests.carve.signature.test_derived_lengths" name="test_no_candidate_runs_past_the_object_it_started_in" time="0.016" /><testcase classname="tests.carve.signature.test_derived_lengths" name="test_every_planted_object_is_found_at_its_exact_length" time="0.013" /><testcase classname="tests.carve.signature.test_derived_lengths" name="test_a_zip_member_header_is_not_an_archive" time="0.011" /><testcase classname="tests.carve.signature.test_derived_lengths" name="test_zip_with_no_end_record_keeps_the_bound_the_scan_derived" time="0.006" /><testcase classname="tests.carve.signature.test_derived_lengths" name="test_mp4_zero_slack_after_the_last_box_is_not_a_box" time="0.048" /><testcase classname="tests.carve.signature.test_derived_lengths" name="test_mp4_box_declaring_size_zero_bounds_itself_by_what_parsed" time="0.002" /><testcase classname="tests.carve.signature.test_derived_lengths" name="test_tiff_length_comes_from_the_ifd_chain" time="0.022" /><testcase classname="tests.carve.signature.test_derived_lengths" name="test_big_endian_tiff_is_read_the_same_way" time="0.000"><skipped type="pytest.skip" message="Pillow wrote a little-endian TIFF on this platform">/home/v0idsai/Projects/sanctum-forensics/tests/carve/signature/test_derived_lengths.py:319: Pillow wrote a little-endian TIFF on this platform</skipped></testcase><testcase classname="tests.carve.signature.test_derived_lengths" name="test_bmp_length_is_the_file_size_field" time="0.000" /><testcase classname="tests.carve.signature.test_derived_lengths" name="test_webp_and_wav_share_a_header_and_both_are_still_found" time="0.013" /><testcase classname="tests.carve.signature.test_derived_lengths" name="test_riff_length_is_the_size_field_plus_its_own_header" time="0.000" /><testcase classname="tests.carve.signature.test_derived_lengths" name="test_gzip_length_comes_from_inflating_the_member" time="0.000" /><testcase classname="tests.carve.signature.test_derived_lengths" name="test_gzip_bomb_is_declined_rather_than_inflated" time="0.478" /><testcase classname="tests.carve.signature.test_derived_lengths" name="test_one_tar_candidate_covers_every_member" time="0.011" /><testcase classname="tests.carve.signature.test_derived_lengths" name="test_tar_stops_at_the_end_of_archive_marker_and_claims_no_padding" time="0.000" /><testcase classname="tests.carve.signature.test_derived_lengths" name="test_rtf_length_is_the_brace_that_closes_the_document" time="0.000" /><testcase classname="tests.carve.signature.test_derived_lengths" name="test_rtf_escaped_braces_do_not_close_the_document" time="0.000" /><testcase classname="tests.carve.signature.test_derived_lengths" name="test_html_length_includes_the_line_ending_after_the_closing_tag" time="0.000" /><testcase classname="tests.carve.signature.test_derived_lengths" name="test_html_without_a_closing_tag_declines_rather_than_guessing" time="0.000" /><testcase classname="tests.carve.signature.test_derived_lengths" name="test_a_doctype_and_an_html_tag_are_one_document" time="0.011" /><testcase classname="tests.carve.signature.test_footer_bound" name="test_a_truncated_pdf_does_not_borrow_the_next_pdfs_trailer" time="0.200" /><testcase classname="tests.carve.signature.test_footer_bound" name="test_a_truncated_pdf_is_reported_as_truncated_not_valid" time="0.105" /><testcase classname="tests.carve.signature.test_footer_bound" name="test_a_jpeg_thumbnail_does_not_cut_its_parent_short" time="0.027" /><testcase classname="tests.carve.signature.test_footer_bound" name="test_a_pdf_does_not_absorb_an_identical_pdf_further_along" time="0.001" /><testcase classname="tests.carve.signature.test_footer_bound" name="test_a_genuine_incremental_update_is_still_followed" time="0.000" /><testcase classname="tests.carve.signature.test_fragmentation" name="test_the_fixture_really_spans_several_clusters" time="0.082" /><testcase classname="tests.carve.signature.test_fragmentation" name="test_bifragmented_jpeg_is_reassembled_and_hash_matches_the_original" time="0.088" /><testcase classname="tests.carve.signature.test_fragmentation" name="test_a_truncated_head_alone_does_not_decode" time="0.049" /><testcase classname="tests.carve.signature.test_fragmentation" name="test_contiguous_jpeg_needs_no_reassembly" time="0.083" /><testcase classname="tests.carve.signature.test_fragmentation" name="test_search_is_bounded_and_gives_up_rather_than_grinding" time="0.900" /><testcase classname="tests.carve.signature.test_fragmentation" name="test_formats_without_a_reassembler_are_flagged_never_reconstructed" time="0.043" /><testcase classname="tests.carve.signature.test_fragmentation_reachability" name="test_pillow_alone_accepts_a_truncated_jpeg_closed_with_an_eoi" time="0.049" /><testcase classname="tests.carve.signature.test_fragmentation_reachability" name="test_the_span_the_parser_derived_is_not_a_whole_jpeg" time="0.008" /><testcase classname="tests.carve.signature.test_fragmentation_reachability" name="test_the_parser_still_reports_valid_for_a_bifragmented_span" time="0.007" /><testcase classname="tests.carve.signature.test_fragmentation_reachability" name="test_the_reassembler_recovers_the_object_byte_for_byte" time="0.032" /><testcase classname="tests.carve.signature.test_fragmentation_reachability" name="test_the_runs_say_where_on_the_medium_each_byte_was" time="0.034" /><testcase classname="tests.carve.signature.test_fragmentation_reachability" name="test_the_head_is_extended_to_the_edge_of_the_gap" time="0.037" /><testcase classname="tests.carve.signature.test_fragmentation_reachability" name="test_the_split_points_recover_when_the_cluster_size_matches[1024]" time="0.037" /><testcase classname="tests.carve.signature.test_fragmentation_reachability" name="test_the_split_points_recover_when_the_cluster_size_matches[2048]" time="0.038" /><testcase classname="tests.carve.signature.test_fragmentation_reachability" name="test_the_split_points_recover_when_the_cluster_size_matches[4096]" time="0.037" /><testcase classname="tests.carve.signature.test_fragmentation_reachability" name="test_the_split_points_recover_when_the_cluster_size_matches[8192]" time="0.038" /><testcase classname="tests.carve.signature.test_fragmentation_reachability" name="test_a_known_cluster_size_refuses_a_split_it_cannot_produce[1024]" time="0.008" /><testcase classname="tests.carve.signature.test_fragmentation_reachability" name="test_a_known_cluster_size_refuses_a_split_it_cannot_produce[2048]" time="0.008" /><testcase classname="tests.carve.signature.test_fragmentation_reachability" name="test_two_tails_the_medium_cannot_tell_apart_are_refused" time="0.074" /><testcase classname="tests.carve.signature.test_fragmentation_reachability" name="test_no_candidate_ever_claims_a_digest_it_cannot_account_for" time="0.340" /><testcase classname="tests.carve.signature.test_png_fragmentation" name="test_the_fixture_is_long_enough_to_fragment" time="0.031" /><testcase classname="tests.carve.signature.test_png_fragmentation" name="test_a_head_alone_fails_its_crc" time="0.038" /><testcase classname="tests.carve.signature.test_png_fragmentation" name="test_bifragmented_png_is_reassembled_byte_for_byte" time="0.042" /><testcase classname="tests.carve.signature.test_png_fragmentation" name="test_the_runs_read_back_to_the_same_digest" time="0.040" /><testcase classname="tests.carve.signature.test_png_fragmentation" name="test_unknown_cluster_size_searches_the_sector_grid" time="0.039" /><testcase classname="tests.carve.signature.test_png_fragmentation" name="test_a_join_in_the_second_idat_chunk_is_found" time="0.039" /><testcase classname="tests.carve.signature.test_png_fragmentation" name="test_interlaced_png_is_reassembled" time="0.029" /><testcase classname="tests.carve.signature.test_png_fragmentation" name="test_contiguous_png_is_one_run" time="0.035" /><testcase classname="tests.carve.signature.test_png_fragmentation" name="test_an_overwritten_tail_is_refused" time="0.039" /><testcase classname="tests.carve.signature.test_png_fragmentation" name="test_a_chimera_of_two_same_size_pngs_is_refused" time="0.070" /><testcase classname="tests.carve.signature.test_png_fragmentation" name="test_two_copies_of_the_tail_make_the_join_ambiguous" time="0.046" /><testcase classname="tests.carve.signature.test_png_fragmentation" name="test_a_gap_beyond_the_window_is_refused_quickly" time="1.126" /><testcase classname="tests.carve.signature.test_png_fragmentation" name="test_not_a_png_returns_none" time="0.000" /><testcase classname="tests.carve.signature.test_png_fragmentation" name="test_a_truncated_png_with_no_tail_on_the_medium_is_refused" time="0.040" /><testcase classname="tests.carve.signature.test_png_fragmentation" name="test_a_bad_cluster_size_is_a_caller_error" time="0.034" /><testcase classname="tests.carve.signature.test_png_fragmentation" name="test_carve_reports_a_reassembled_png_below_high_with_its_runs" time="0.054" /><testcase classname="tests.carve.signature.test_png_fragmentation" name="test_carve_leaves_an_unrecoverable_png_flagged_and_not_valid" time="0.052" /><testcase classname="tests.carve.signature.test_reassembly_cluster_size" name="test_undelete_records_each_volumes_cluster_size[fat32-512]" time="0.020" /><testcase classname="tests.carve.signature.test_reassembly_cluster_size" name="test_undelete_records_each_volumes_cluster_size[fat32-1024]" time="0.018" /><testcase classname="tests.carve.signature.test_reassembly_cluster_size" name="test_undelete_records_each_volumes_cluster_size[exfat-4096]" time="0.017" /><testcase classname="tests.carve.signature.test_reassembly_cluster_size" name="test_a_volume_with_no_filesystem_has_no_cluster_size" time="0.276" /><testcase classname="tests.carve.signature.test_reassembly_cluster_size" name="test_carve_structures_hands_the_cluster_size_to_the_search" time="0.120" /><testcase classname="tests.carve.signature.test_reassembly_cluster_size" name="test_the_pipeline_refuses_a_split_the_volume_cannot_hold" time="4.317" /><testcase classname="tests.carve.signature.test_reassembly_cluster_size" name="test_the_pipeline_recovers_finding_1_on_a_512_byte_fat32_volume" time="1.299" /><testcase classname="tests.carve.signature.test_reassembly_fabrication" name="test_carve_structures_emits_no_fabricated_object[another-jpeg-in-gap-4096]" time="1.174" /><testcase classname="tests.carve.signature.test_reassembly_fabrication" name="test_carve_structures_emits_no_fabricated_object[another-jpeg-in-gap-512]" time="0.115" /><testcase classname="tests.carve.signature.test_reassembly_fabrication" name="test_carve_structures_emits_no_fabricated_object[dir-cluster-after-head-4096]" time="1.264" /><testcase classname="tests.carve.signature.test_reassembly_fabrication" name="test_carve_structures_emits_no_fabricated_object[dir-cluster-before-tail-4096]" time="1.213" /><testcase classname="tests.carve.signature.test_reassembly_fabrication" name="test_carve_structures_emits_no_fabricated_object[dir-cluster-before-tail-512]" time="0.170" /><testcase classname="tests.carve.signature.test_reassembly_fabrication" name="test_carve_structures_emits_no_fabricated_object[directory-cluster-inside-a-span-512]" time="1.631" /><testcase classname="tests.carve.signature.test_reassembly_fabrication" name="test_carve_structures_emits_no_fabricated_object[finding1-fat32-512]" time="0.170" /><testcase classname="tests.carve.signature.test_reassembly_fabrication" name="test_carve_structures_emits_no_fabricated_object[pad-sector-before-tail-512]" time="0.244" /><testcase classname="tests.carve.signature.test_reassembly_fabrication" name="test_carve_structures_emits_no_fabricated_object[text-inside-a-span-4096]" time="1.570" /><testcase classname="tests.carve.signature.test_reassembly_fabrication" name="test_carve_structures_emits_no_fabricated_object[zeros-inside-a-span-4096]" time="1.636" /><testcase classname="tests.carve.signature.test_reassembly_fabrication" name="test_the_carve_pipeline_emits_no_fabricated_object[another-jpeg-in-gap-4096]" time="0.364" /><testcase classname="tests.carve.signature.test_reassembly_fabrication" name="test_the_carve_pipeline_emits_no_fabricated_object[another-jpeg-in-gap-512]" time="0.181" /><testcase classname="tests.carve.signature.test_reassembly_fabrication" name="test_the_carve_pipeline_emits_no_fabricated_object[dir-cluster-after-head-4096]" time="1.237" /><testcase classname="tests.carve.signature.test_reassembly_fabrication" name="test_the_carve_pipeline_emits_no_fabricated_object[dir-cluster-before-tail-4096]" time="1.242" /><testcase classname="tests.carve.signature.test_reassembly_fabrication" name="test_the_carve_pipeline_emits_no_fabricated_object[dir-cluster-before-tail-512]" time="0.217" /><testcase classname="tests.carve.signature.test_reassembly_fabrication" name="test_the_carve_pipeline_emits_no_fabricated_object[directory-cluster-inside-a-span-512]" time="1.642" /><testcase classname="tests.carve.signature.test_reassembly_fabrication" name="test_the_carve_pipeline_emits_no_fabricated_object[finding1-fat32-512]" time="0.214" /><testcase classname="tests.carve.signature.test_reassembly_fabrication" name="test_the_carve_pipeline_emits_no_fabricated_object[pad-sector-before-tail-512]" time="0.286" /><testcase classname="tests.carve.signature.test_reassembly_fabrication" name="test_the_carve_pipeline_emits_no_fabricated_object[text-inside-a-span-4096]" time="1.578" /><testcase classname="tests.carve.signature.test_reassembly_fabrication" name="test_the_carve_pipeline_emits_no_fabricated_object[zeros-inside-a-span-4096]" time="1.663" /><testcase classname="tests.carve.signature.test_reassembly_fabrication" name="test_nothing_that_was_never_a_file_is_called_a_whole_object[another-jpeg-in-gap-4096]" time="0.364" /><testcase classname="tests.carve.signature.test_reassembly_fabrication" name="test_nothing_that_was_never_a_file_is_called_a_whole_object[another-jpeg-in-gap-512]" time="0.181" /><testcase classname="tests.carve.signature.test_reassembly_fabrication" name="test_nothing_that_was_never_a_file_is_called_a_whole_object[dir-cluster-after-head-4096]" time="1.254" /><testcase classname="tests.carve.signature.test_reassembly_fabrication" name="test_nothing_that_was_never_a_file_is_called_a_whole_object[dir-cluster-before-tail-4096]" time="1.219" /><testcase classname="tests.carve.signature.test_reassembly_fabrication" name="test_nothing_that_was_never_a_file_is_called_a_whole_object[dir-cluster-before-tail-512]" time="0.215" /><testcase classname="tests.carve.signature.test_reassembly_fabrication" name="test_nothing_that_was_never_a_file_is_called_a_whole_object[directory-cluster-inside-a-span-512]" time="1.632" /><testcase classname="tests.carve.signature.test_reassembly_fabrication" name="test_nothing_that_was_never_a_file_is_called_a_whole_object[finding1-fat32-512]" time="0.214" /><testcase classname="tests.carve.signature.test_reassembly_fabrication" name="test_nothing_that_was_never_a_file_is_called_a_whole_object[pad-sector-before-tail-512]" time="0.289" /><testcase classname="tests.carve.signature.test_reassembly_fabrication" name="test_nothing_that_was_never_a_file_is_called_a_whole_object[text-inside-a-span-4096]" time="1.587" /><testcase classname="tests.carve.signature.test_reassembly_fabrication" name="test_nothing_that_was_never_a_file_is_called_a_whole_object[zeros-inside-a-span-4096]" time="1.660" /><testcase classname="tests.carve.signature.test_scan" name="test_every_embedded_object_is_found_at_its_exact_offset" time="3.036" /><testcase classname="tests.carve.signature.test_scan" name="test_scan_reports_how_many_of_each_type_it_found" time="0.605" /><testcase classname="tests.carve.signature.test_scan" name="test_header_straddling_a_chunk_boundary_is_found_exactly_once" time="0.754" /><testcase classname="tests.carve.signature.test_scan" name="test_headers_near_every_seam_are_found_once[-3]" time="0.752" /><testcase classname="tests.carve.signature.test_scan" name="test_headers_near_every_seam_are_found_once[-1]" time="0.757" /><testcase classname="tests.carve.signature.test_scan" name="test_headers_near_every_seam_are_found_once[0]" time="0.756" /><testcase classname="tests.carve.signature.test_scan" name="test_headers_near_every_seam_are_found_once[1]" time="0.767" /><testcase classname="tests.carve.signature.test_scan" name="test_headers_near_every_seam_are_found_once[3]" time="0.751" /><testcase classname="tests.carve.signature.test_scan" name="test_single_process_and_four_process_scans_agree" time="1.060" /><testcase classname="tests.carve.signature.test_scan" name="test_a_header_inside_a_substituted_range_is_suppressed_and_counted" time="0.017" /><testcase classname="tests.carve.signature.test_scan" name="test_a_destroyed_header_inside_filled_bytes_simply_is_not_found" time="0.016" /><testcase classname="tests.carve.signature.test_scan" name="test_nothing_is_suppressed_when_no_range_was_substituted" time="0.618" /><testcase classname="tests.carve.signature.test_scan" name="test_signature_db_is_loaded_from_disk_not_hardcoded" time="0.012" /><testcase classname="tests.carve.signature.test_scan" name="test_mp4_signature_carries_its_header_offset" time="0.011" /><testcase classname="tests.carve.signature.test_scan" name="test_every_signature_has_a_size_bound" time="0.012" /><testcase classname="tests.carve.signature.test_scan" name="test_automaton_is_built_once_for_every_pattern" time="0.011" /><testcase classname="tests.carve.signature.test_scan" name="test_object_without_a_footer_within_max_size_is_kept_as_truncated" time="0.012" /><testcase classname="tests.carve.signature.test_scan" name="test_footer_bounded_object_gets_its_real_length" time="0.015" /><testcase classname="tests.carve.signature.test_scan" name="test_scan_throughput_is_recorded" time="1.038" /><testcase classname="tests.carve.signature.test_scan_accounting" name="test_a_whole_baseline_jpeg_accounts_for_its_scan" time="0.082" /><testcase classname="tests.carve.signature.test_scan_accounting" name="test_bytes_after_the_eoi_are_not_the_scans_business" time="0.080" /><testcase classname="tests.carve.signature.test_scan_accounting" name="test_fill_bytes_before_the_eoi_are_legal" time="0.081" /><testcase classname="tests.carve.signature.test_scan_accounting" name="test_foreign_bytes_inside_a_decodable_span_are_caught" time="0.079" /><testcase classname="tests.carve.signature.test_scan_accounting" name="test_a_reserved_marker_code_in_the_scan_is_corrupt" time="0.050" /><testcase classname="tests.carve.signature.test_scan_accounting" name="test_a_progressive_jpeg_is_declined_not_condemned[options0]" time="0.008" /><testcase classname="tests.carve.signature.test_scan_accounting" name="test_a_progressive_jpeg_is_declined_not_condemned[options1]" time="0.008" /><testcase classname="tests.carve.signature.test_scan_accounting" name="test_something_that_is_not_a_jpeg_is_declined" time="0.000" /><testcase classname="tests.carve.signature.test_scan_accounting" name="test_the_jpeg_validator_does_not_call_a_spliced_span_valid" time="0.079" /><testcase classname="tests.carve.signature.test_scan_accounting" name="test_the_jpeg_validator_still_calls_real_files_valid[whole]" time="0.088" /><testcase classname="tests.carve.signature.test_scan_accounting" name="test_the_jpeg_validator_still_calls_real_files_valid[motion-photo]" time="0.088" /><testcase classname="tests.carve.signature.test_scan_accounting" name="test_the_jpeg_validator_still_calls_real_files_valid[fill-bytes]" time="0.088" /><testcase classname="tests.carve.signature.test_scan_accounting" name="test_the_jpeg_validator_still_calls_real_files_valid[progressive]" time="0.057" /><testcase classname="tests.carve.signature.test_second_stage" name="test_two_signatures_sharing_a_header_both_survive_the_automaton" time="0.011" /><testcase classname="tests.carve.signature.test_second_stage" name="test_riff_bytes_with_no_form_type_make_no_candidate" time="0.011" /><testcase classname="tests.carve.signature.test_second_stage" name="test_bm_over_random_bytes_makes_no_candidate" time="0.016" /><testcase classname="tests.carve.signature.test_second_stage" name="test_a_real_tar_header_verifies_and_a_damaged_one_does_not" time="0.000" /><testcase classname="tests.carve.signature.test_second_stage" name="test_ustar_over_random_bytes_makes_no_candidate" time="0.015" /><testcase classname="tests.carve.signature.test_structure" name="test_zip_parse_returns_the_exact_length_of_a_real_docx" time="0.011" /><testcase classname="tests.carve.signature.test_structure" name="test_sqlite_length_is_page_size_times_page_count" time="0.019" /><testcase classname="tests.carve.signature.test_structure" name="test_sqlite_page_size_of_one_means_65536" time="0.000" /><testcase classname="tests.carve.signature.test_structure" name="test_jpeg_without_its_end_marker_is_reported_truncated" time="0.000" /><testcase classname="tests.carve.signature.test_structure" name="test_intact_jpeg_is_reported_valid_with_its_exact_length" time="0.003" /><testcase classname="tests.carve.signature.test_structure" name="test_malformed_mp4_box_size_neither_hangs_nor_reads_past_max_size" time="0.000" /><testcase classname="tests.carve.signature.test_structure" name="test_mp4_box_loop_is_iteration_capped" time="0.000" /><testcase classname="tests.carve.signature.test_structure" name="test_png_with_a_corrupted_chunk_crc_is_reported_corrupt" time="0.000" /><testcase classname="tests.carve.signature.test_structure" name="test_intact_png_is_valid_and_exactly_sized" time="0.005" /><testcase classname="tests.carve.signature.test_structure" name="test_structure_carving_marks_its_source_as_structure" time="0.678" /><testcase classname="tests.carve.signature.test_structure" name="test_structure_lengths_beat_signature_guesses" time="0.038" /><testcase classname="tests.carve.test_acquire" name="test_raw_acquisition_hashes_match_an_independent_computation" time="0.223" /><testcase classname="tests.carve.test_acquire" name="test_hashes_are_computed_in_the_read_pass_not_by_re_reading" time="0.217" /><testcase classname="tests.carve.test_acquire" name="test_chunk_hashes_cover_the_whole_image" time="0.221" /><testcase classname="tests.carve.test_acquire" name="test_bad_sectors_are_substituted_and_recorded_not_fatal" time="0.112" /><testcase classname="tests.carve.test_acquire" name="test_was_substituted_is_true_inside_the_bad_range_and_false_beside_it" time="0.111" /><testcase classname="tests.carve.test_acquire" name="test_only_the_truly_bad_sectors_are_written_off" time="0.112" /><testcase classname="tests.carve.test_acquire" name="test_resumed_acquisition_is_byte_identical_and_says_it_resumed" time="0.224" /><testcase classname="tests.carve.test_acquire" name="test_verify_image_passes_on_an_untouched_image" time="0.164" /><testcase classname="tests.carve.test_acquire" name="test_verify_image_names_the_chunk_that_changed" time="0.166" /><testcase classname="tests.carve.test_acquire" name="test_acquisition_appends_phases_and_the_chain_verifies_valid" time="0.159" /><testcase classname="tests.carve.test_acquire" name="test_bad_sectors_reach_the_ledger" time="0.044" /><testcase classname="tests.carve.test_acquire" name="test_acquisition_records_the_write_block_it_actually_achieved" time="0.155" /><testcase classname="tests.carve.test_acquire" name="test_e01_acquisition_either_works_or_refuses_with_a_named_reason" time="0.165" /><testcase classname="tests.carve.test_acquire" name="test_e01_acquisition_admits_that_compression_was_not_selectable" time="0.156" /><testcase classname="tests.carve.test_acquire" name="test_an_e01_written_here_is_not_smaller_than_its_source" time="0.011" /><testcase classname="tests.carve.test_acquire" name="test_an_e01_acquisition_refuses_to_resume_rather_than_restarting_silently" time="0.155" /><testcase classname="tests.carve.test_acquire" name="test_the_source_is_opened_read_only" time="0.154" /><testcase classname="tests.carve.test_acquire" name="test_missing_source_refuses_before_creating_a_destination" time="0.001" /><testcase classname="tests.carve.test_acquire" name="test_source_reader_protocol_accepts_the_file_backed_reader" time="0.146" /><testcase classname="tests.carve.test_acquire" name="test_a_read_back_flag_is_not_reported_as_a_verified_refusal" time="0.001" /><testcase classname="tests.carve.test_acquire" name="test_the_not_verified_limitation_names_what_blkroset_does_not_cover" time="0.000" /><testcase classname="tests.carve.test_acquire" name="test_a_flag_that_does_not_read_back_claims_nothing" time="0.001" /><testcase classname="tests.carve.test_cancelled_acquisition" name="test_a_cancelled_acquisition_records_that_the_image_is_partial" time="0.003" /><testcase classname="tests.carve.test_cancelled_acquisition" name="test_the_entry_says_how_much_of_the_source_was_acquired" time="0.003" /><testcase classname="tests.carve.test_cancelled_acquisition" name="test_the_entry_refuses_to_publish_a_digest_for_the_fragment" time="0.002" /><testcase classname="tests.carve.test_cancelled_acquisition" name="test_the_fragment_really_is_shorter_than_the_source" time="0.003" /><testcase classname="tests.carve.test_cancelled_acquisition" name="test_the_chain_is_still_valid_after_a_cancellation" time="0.003" /><testcase classname="tests.carve.test_cancelled_acquisition" name="test_a_completed_acquisition_records_no_cancellation" time="0.004" /><testcase classname="tests.carve.test_cancelled_acquisition" name="test_cancelling_without_a_ledger_does_not_raise" time="0.001" /><testcase classname="tests.carve.test_evidence" name="test_no_implementation_exposes_a_write_method[0]" time="0.001" /><testcase classname="tests.carve.test_evidence" name="test_no_implementation_exposes_a_write_method[1]" time="0.001" /><testcase classname="tests.carve.test_evidence" name="test_no_implementation_exposes_a_write_method[2]" time="0.001" /><testcase classname="tests.carve.test_evidence" name="test_no_implementation_exposes_a_write_method[3]" time="0.001" /><testcase classname="tests.carve.test_evidence" name="test_opening_evidence_never_requests_write_access" time="0.001" /><testcase classname="tests.carve.test_evidence" name="test_read_past_end_returns_short_rather_than_raising" time="0.000" /><testcase classname="tests.carve.test_evidence" name="test_read_rejects_a_negative_offset" time="0.000" /><testcase classname="tests.carve.test_evidence" name="test_substituted_bytes_are_distinguishable_from_real_ones" time="0.000" /><testcase classname="tests.carve.test_evidence" name="test_was_substituted_is_true_when_any_byte_in_the_range_was_filled" time="0.000" /><testcase classname="tests.carve.test_evidence" name="test_substituted_in_reports_the_overlapping_ranges" time="0.000" /><testcase classname="tests.carve.test_evidence" name="test_split_set_reads_across_every_segment_boundary" time="0.001" /><testcase classname="tests.carve.test_evidence" name="test_missing_middle_segment_names_the_file_it_could_not_find" time="0.001" /><testcase classname="tests.carve.test_evidence" name="test_window_translates_offsets_against_its_parent" time="0.000" /><testcase classname="tests.carve.test_evidence" name="test_window_refuses_to_extend_past_its_parent" time="0.000" /><testcase classname="tests.carve.test_evidence" name="test_window_reports_substitution_from_its_parent" time="0.000" /><testcase classname="tests.carve.test_evidence" name="test_format_is_detected_by_magic_not_extension" time="0.001" /><testcase classname="tests.carve.test_evidence" name="test_aff4_is_refused_with_a_message_naming_the_format" time="0.001" /><testcase classname="tests.carve.test_evidence" name="test_eight_threads_reading_one_handle_all_get_correct_bytes" time="0.004" /><testcase classname="tests.carve.test_evidence" name="test_repeated_reads_raise_the_cache_hit_rate" time="0.001" /><testcase classname="tests.carve.test_pii_detectors" name="test_verhoeff_published_vectors" time="0.000" /><testcase classname="tests.carve.test_pii_detectors" name="test_luhn_published_vectors" time="0.000" /><testcase classname="tests.carve.test_pii_detectors" name="test_detector_shapes[UID 497318620549 end-aadhaar-1]" time="0.000" /><testcase classname="tests.carve.test_pii_detectors" name="test_detector_shapes[UID 4973 1862 0549.-aadhaar-1]" time="0.000" /><testcase classname="tests.carve.test_pii_detectors" name="test_detector_shapes[UID 4973-1862-0549.-aadhaar-1]" time="0.000" /><testcase classname="tests.carve.test_pii_detectors" name="test_detector_shapes[mixed 4973 1862-0549.-aadhaar-0]" time="0.000" /><testcase classname="tests.carve.test_pii_detectors" name="test_detector_shapes[bad 497318620540-aadhaar-0]" time="0.000" /><testcase classname="tests.carve.test_pii_detectors" name="test_detector_shapes[longer 9497318620549-aadhaar-0]" time="0.000" /><testcase classname="tests.carve.test_pii_detectors" name="test_detector_shapes[starts 1 197318620540-aadhaar-0]" time="0.000" /><testcase classname="tests.carve.test_pii_detectors" name="test_detector_shapes[PAN ABCPE1234F.-pan-1]" time="0.000" /><testcase classname="tests.carve.test_pii_detectors" name="test_detector_shapes[PAN ABCXE1234F.-pan-0]" time="0.000" /><testcase classname="tests.carve.test_pii_detectors" name="test_detector_shapes[xABCPE1234F-pan-0]" time="0.000" /><testcase classname="tests.carve.test_pii_detectors" name="test_detector_shapes[IFSC SBIN0001234,-ifsc-1]" time="0.000" /><testcase classname="tests.carve.test_pii_detectors" name="test_detector_shapes[IFSC SBIN1001234,-ifsc-0]" time="0.000" /><testcase classname="tests.carve.test_pii_detectors" name="test_detector_shapes[call 9876543210 now-indian_mobile-1]" time="0.000" /><testcase classname="tests.carve.test_pii_detectors" name="test_detector_shapes[call +919876543210 now-indian_mobile-1]" time="0.000" /><testcase classname="tests.carve.test_pii_detectors" name="test_detector_shapes[call +91 9876543210 now-indian_mobile-1]" time="0.000" /><testcase classname="tests.carve.test_pii_detectors" name="test_detector_shapes[call 0091-9876543210 now-indian_mobile-1]" time="0.000" /><testcase classname="tests.carve.test_pii_detectors" name="test_detector_shapes[call 5876543210 now-indian_mobile-0]" time="0.000" /><testcase classname="tests.carve.test_pii_detectors" name="test_detector_shapes[call 98765432101 now-indian_mobile-0]" time="0.000" /><testcase classname="tests.carve.test_pii_detectors" name="test_detector_shapes[card 4012888888881881 ok-payment_card-1]" time="0.000" /><testcase classname="tests.carve.test_pii_detectors" name="test_detector_shapes[card 4012 8888 8888 1881 ok-payment_card-1]" time="0.000" /><testcase classname="tests.carve.test_pii_detectors" name="test_detector_shapes[card 4012888888881882 ok-payment_card-0]" time="0.000" /><testcase classname="tests.carve.test_pii_detectors" name="test_detector_shapes[mail examiner.one@case-unit.example.in, thanks-email-1]" time="0.000" /><testcase classname="tests.carve.test_pii_detectors" name="test_detector_shapes[mail not@an-email-email-0]" time="0.000" /><testcase classname="tests.carve.test_pii_detectors" name="test_a_value_is_counted_once_however_the_window_seam_cuts_it" time="3.427" /><testcase classname="tests.carve.test_pii_detectors" name="test_the_prefilter_changes_no_count" time="0.313" /><testcase classname="tests.carve.test_pii_detectors" name="test_streamed_text_counts_equal_the_in_memory_scan_however_it_is_cut" time="0.302" /><testcase classname="tests.carve.test_pii_detectors" name="test_a_tag_or_entity_split_by_an_inflate_chunk_is_carried_whole" time="0.103" /><testcase classname="tests.carve.test_pii_detectors" name="test_a_large_ooxml_part_is_never_held_whole" time="2.123" /><testcase classname="tests.carve.test_pii_detectors" name="test_the_seam_does_not_invent_a_boundary" time="0.030" /><testcase classname="tests.carve.test_pii_detectors" name="test_the_reader_holds_one_window_at_a_time" time="0.072" /><testcase classname="tests.carve.test_pii_detectors" name="test_ooxml_runs_are_joined_and_paragraphs_are_not" time="0.000" /><testcase classname="tests.carve.test_pii_detectors" name="test_images_are_not_scanned_and_say_why" time="0.000" /><testcase classname="tests.carve.test_pii_detectors" name="test_the_scan_result_carries_no_matched_text" time="0.000" /><testcase classname="tests.carve.test_pii_pdf_bounds" name="test_a_flate_bomb_in_a_content_stream_is_never_held_whole" time="2.828" /><testcase classname="tests.carve.test_pii_pdf_bounds" name="test_an_object_stream_bomb_is_refused_before_qpdf_opens_it" time="1.453" /><testcase classname="tests.carve.test_pii_pdf_bounds" name="test_flate_and_unfiltered_streams_are_counted_and_other_filters_are_named" time="0.001" /><testcase classname="tests.carve.test_pii_pdf_bounds" name="test_inflation_steps_are_bounded_and_a_cut_stream_yields_its_prefix" time="0.011" /><testcase classname="tests.carve.test_validate_malformed" name="test_a_wav_whose_chunk_header_lies_is_corrupt_not_an_exception" time="0.000" /><testcase classname="tests.carve.test_validate_malformed" name="test_a_wav_with_no_chunks_at_all_is_corrupt" time="0.000" /><testcase classname="tests.carve.test_validate_malformed" name="test_no_validator_raises_on_a_truncated_header[bmp]" time="0.001" /><testcase classname="tests.carve.test_validate_malformed" name="test_no_validator_raises_on_a_truncated_header[doc]" time="0.000" /><testcase classname="tests.carve.test_validate_malformed" name="test_no_validator_raises_on_a_truncated_header[docx]" time="0.000" /><testcase classname="tests.carve.test_validate_malformed" name="test_no_validator_raises_on_a_truncated_header[gif]" time="0.000" /><testcase classname="tests.carve.test_validate_malformed" name="test_no_validator_raises_on_a_trun
[...]
pts.test_media_benchmark_preflight" name="test_a_device_too_small_for_the_corpus_is_refused" time="0.000" /><testcase classname="tests.scripts.test_media_benchmark_preflight" name="test_an_implausibly_large_device_is_refused" time="0.000" /><testcase classname="tests.scripts.test_media_benchmark_preflight" name="test_agreeing_serial_sources_are_reported_as_agreement" time="0.000" /><testcase classname="tests.scripts.test_media_benchmark_preflight" name="test_disagreeing_serial_sources_are_refused" time="0.000" /><testcase classname="tests.scripts.test_media_benchmark_preflight" name="test_an_unreadable_independent_serial_is_unverified_not_agreed" time="0.000" /><testcase classname="tests.scripts.test_media_benchmark_preflight" name="test_the_kernel_serial_of_a_usb_disk_is_its_usb_device_serial" time="0.002" /><testcase classname="tests.scripts.test_media_benchmark_preflight" name="test_the_kernel_serial_of_a_scsi_disk_comes_from_its_vpd_page" time="0.001" /><testcase classname="tests.scripts.test_media_benchmark_preflight" name="test_a_missing_kernel_serial_is_not_invented" time="0.001" /><testcase classname="tests.scripts.test_pattern_writer" name="test_the_whole_device_is_filled_with_the_pattern_byte" time="0.018" /><testcase classname="tests.scripts.test_pattern_writer" name="test_the_buffer_matches_the_erase_path" time="0.011" /><testcase classname="tests.scripts.test_pattern_writer" name="test_a_size_that_is_not_a_whole_buffer_still_finishes" time="0.030" /><testcase classname="tests.scripts.test_pattern_writer" name="test_the_fill_byte_is_selectable" time="0.006" /><testcase classname="tests.scripts.test_pattern_writer" name="test_a_byte_outside_a_byte_is_refused" time="0.002" /><testcase classname="tests.scripts.test_pattern_writer" name="test_throughput_is_reported_so_the_write_up_has_a_comparable_number" time="0.006" /><testcase classname="tests.scripts.test_pattern_writer" name="test_the_driver_no_longer_pipes_tr_into_dd" time="0.000" /><testcase classname="tests.scripts.test_photorec_step" name="test_the_default_option_set_is_the_one_the_published_numbers_used" time="0.003" /><testcase classname="tests.scripts.test_photorec_step" name="test_the_narrow_set_is_available_but_is_not_the_default" time="0.004" /><testcase classname="tests.scripts.test_photorec_step" name="test_the_chosen_options_are_recorded_in_the_result" time="30.018" /><testcase classname="tests.scripts.test_photorec_step" name="test_a_scan_that_overruns_is_killed_and_reported" time="1.025" /><testcase classname="tests.scripts.test_photorec_step" name="test_a_timeout_is_a_recorded_failure_not_a_zero_count" time="1.025" /><testcase classname="tests.scripts.test_photorec_step" name="test_a_scan_that_finishes_inside_the_bound_is_not_a_failure" time="1.019" /><testcase classname="tests.scripts.test_photorec_step" name="test_a_nonzero_photorec_is_a_failure_because_nobody_looked" time="1.018" /><testcase classname="tests.scripts.test_photorec_step" name="test_a_running_scan_prints_a_heartbeat" time="3.032" /><testcase classname="tests.scripts.test_photorec_step" name="test_photorec_s_own_report_and_log_are_not_counted_as_recoveries" time="0.005" /><testcase classname="tests.scripts.test_preflight_recording" name="test_a_report_for_an_erase_that_returned_a_result_says_complete" time="0.044" /><testcase classname="tests.scripts.test_preflight_recording" name="test_a_report_for_an_erase_that_raised_says_failed" time="0.043" /><testcase classname="tests.scripts.test_preflight_recording" name="test_a_report_with_no_erase_output_does_not_invent_a_state" time="0.043" /><testcase classname="tests.scripts.test_preflight_recording" name="test_the_carve_counts_reassembled_candidates_and_splits_high_by_fragments" time="0.002" /><testcase classname="tests.scripts.test_preflight_recording" name="test_fs_geometry_reads_the_cluster_size_from_the_boot_sector[fat32-512-1-512]" time="0.002" /><testcase classname="tests.scripts.test_preflight_recording" name="test_fs_geometry_reads_the_cluster_size_from_the_boot_sector[fat32-512-8-4096]" time="0.002" /><testcase classname="tests.scripts.test_preflight_recording" name="test_fs_geometry_reads_the_cluster_size_from_the_boot_sector[exfat-512-8-4096]" time="0.002" /><testcase classname="tests.scripts.test_preflight_recording" name="test_fs_geometry_reads_the_cluster_size_from_the_boot_sector[exfat-512-64-32768]" time="0.002" /><testcase classname="tests.scripts.test_preflight_recording" name="test_fs_geometry_says_unknown_rather_than_guessing" time="0.002" /><testcase classname="tests.scripts.test_preflight_recording" name="test_extents_reads_runs_from_the_volume_and_names_missing_files" time="2.053" /><testcase classname="tests.scripts.test_probe_write_block" name="test_no_device_argument_exits_non_zero" time="0.027" /><testcase classname="tests.scripts.test_probe_write_block" name="test_the_confirmation_flag_alone_is_not_a_target" time="0.028" /><testcase classname="tests.scripts.test_probe_write_block" name="test_the_source_carries_no_default_device" time="0.001" /><testcase classname="tests.scripts.test_probe_write_block" name="test_a_device_is_still_required_before_the_confirmation_gate" time="0.027" /><testcase classname="tests.scripts.test_probe_write_block" name="test_a_missing_path_is_refused" time="0.001" /><testcase classname="tests.scripts.test_probe_write_block" name="test_a_directory_is_refused" time="0.001" /><testcase classname="tests.scripts.test_probe_write_block" name="test_a_regular_file_is_allowed_so_the_probe_stays_exercisable" time="0.001" /><testcase classname="tests.scripts.test_probe_write_block" name="test_the_gate_calls_the_same_guard_the_erase_engine_calls" time="0.000" /><testcase classname="tests.scripts.test_probe_write_block" name="test_the_size_limit_matches_the_shell_gate" time="0.000" /><testcase classname="tests.scripts.test_record_code" name="test_a_clean_tagged_tree_records_its_tag_sha_and_not_dirty" time="0.025" /><testcase classname="tests.scripts.test_record_code" name="test_a_modified_tracked_file_makes_the_tree_dirty" time="0.026" /><testcase classname="tests.scripts.test_record_code" name="test_untracked_results_do_not_make_the_tree_dirty" time="0.025" /><testcase classname="tests.scripts.test_record_code" name="test_outside_a_repository_it_refuses" time="0.006" /><testcase classname="tests.scripts.test_record_os_name" name="test_the_fallback_name_reads_the_build_number_on_windows" time="0.001" /><testcase classname="tests.scripts.test_record_os_name" name="test_the_fallback_names_macos_and_linux_the_way_they_name_themselves" time="0.001" /><testcase classname="tests.scripts.test_resume_steps" name="test_without_resume_every_step_runs" time="0.010" /><testcase classname="tests.scripts.test_resume_steps" name="test_resuming_skips_only_what_came_before" time="0.010" /><testcase classname="tests.scripts.test_resume_steps" name="test_resuming_from_the_first_step_runs_everything" time="0.009" /><testcase classname="tests.scripts.test_resume_steps" name="test_an_unknown_step_is_refused" time="0.003" /><testcase classname="tests.scripts.test_resume_steps" name="test_the_checkpoint_names_where_a_retry_starts" time="0.006" /><testcase classname="tests.scripts.test_resume_steps" name="test_no_checkpoint_means_start_from_the_beginning" time="0.004" /><testcase classname="tests.scripts.test_resume_steps" name="test_a_completed_run_has_nothing_to_resume" time="0.005" /><testcase classname="tests.scripts.test_resume_steps" name="test_list_steps_needs_no_root_and_no_device" time="0.009" /><testcase classname="tests.scripts.test_resume_steps" name="test_resume_from_is_rejected_before_anything_is_written" time="0.011" /><testcase classname="tests.scripts.test_script_syntax" name="test_there_are_scripts_to_check" time="0.000" /><testcase classname="tests.scripts.test_script_syntax" name="test_script_parses[build-libewf-python.sh]" time="0.002" /><testcase classname="tests.scripts.test_script_syntax" name="test_script_parses[build-linux-portable.sh]" time="0.001" /><testcase classname="tests.scripts.test_script_syntax" name="test_script_parses[build-linux.sh]" time="0.002" /><testcase classname="tests.scripts.test_script_syntax" name="test_script_parses[build-macos.sh]" time="0.002" /><testcase classname="tests.scripts.test_script_syntax" name="test_script_parses[check.sh]" time="0.002" /><testcase classname="tests.scripts.test_script_syntax" name="test_script_parses[demo-reset.sh]" time="0.003" /><testcase classname="tests.scripts.test_script_syntax" name="test_script_parses[device-gate.sh]" time="0.002" /><testcase classname="tests.scripts.test_script_syntax" name="test_script_parses[devsetup.sh]" time="0.001" /><testcase classname="tests.scripts.test_script_syntax" name="test_script_parses[hardware-validation.sh]" time="0.002" /><testcase classname="tests.scripts.test_script_syntax" name="test_script_parses[harness-steps.sh]" time="0.003" /><testcase classname="tests.scripts.test_script_syntax" name="test_script_parses[verify-linux.sh]" time="0.002" /><testcase classname="tests.scripts.test_script_syntax" name="test_the_check_would_fail_on_a_broken_script" time="0.002" /><testcase classname="tests.scripts.test_supported_formats_doc" name="test_the_committed_document_matches_the_registries" time="0.011" /><testcase classname="tests.scripts.test_supported_formats_doc" name="test_bifragment_reassembly_is_claimed_for_jpeg_only" time="0.000" /><testcase classname="tests.scripts.test_verify_expect_fill" name="test_a_device_holding_the_expected_fill_passes" time="0.005" /><testcase classname="tests.scripts.test_verify_expect_fill" name="test_a_device_holding_zeros_fails_an_expected_a5" time="0.004" /><testcase classname="tests.scripts.test_verify_expect_fill" name="test_without_the_flag_the_method_s_default_is_used" time="0.004" /><testcase classname="tests.scripts.test_verify_expect_fill" name="test_the_default_would_have_failed_the_wipe_this_flag_exists_for" time="0.005" /><testcase classname="tests.scripts.test_verify_expect_fill" name="test_a_decimal_fill_is_accepted" time="0.004" /><testcase classname="tests.scripts.test_verify_expect_fill" name="test_a_value_outside_a_byte_is_refused" time="0.002" /><testcase classname="tests.scripts.test_verify_expect_fill" name="test_a_failed_verification_still_exits_zero" time="0.004" /><testcase classname="tests.scripts.test_verify_expect_fill" name="test_the_result_says_what_it_compared_against" time="0.004" /><testcase classname="tests.scripts.test_workdir_guard" name="test_a_memory_backed_tmpdir_is_relocated_to_the_disk_fallback" time="0.016" /><testcase classname="tests.scripts.test_workdir_guard" name="test_a_memory_backed_fallback_is_refused_rather_than_used" time="0.008" /><testcase classname="tests.scripts.test_workdir_guard" name="test_a_disk_backed_tmpdir_is_used_as_it_is" time="0.014" /><testcase classname="tests.scripts.test_workdir_guard" name="test_a_volume_smaller_than_the_device_is_refused_before_anything_runs" time="0.013" /><testcase classname="tests.scripts.test_workdir_guard" name="test_a_volume_larger_than_the_device_is_accepted" time="0.014" /><testcase classname="tests.scripts.test_workdir_guard" name="test_an_unreadable_df_fails_the_size_check_rather_than_passing_it" time="0.012" /><testcase classname="tests.scripts.test_workdir_guard" name="test_photorec_refuses_a_memory_backed_output_directory" time="0.007" /><testcase classname="tests.scripts.test_workdir_guard" name="test_photorec_refuses_an_output_volume_smaller_than_the_device" time="0.015" /><testcase classname="tests.test_errors" name="test_module_exports_every_concrete_error" time="0.000" /><testcase classname="tests.test_errors" name="test_default_remediation_is_non_empty[ConfirmationMismatch]" time="0.000" /><testcase classname="tests.test_errors" name="test_default_remediation_is_non_empty[DeviceFrozen]" time="0.000" /><testcase classname="tests.test_errors" name="test_default_remediation_is_non_empty[DeviceVanished]" time="0.000" /><testcase classname="tests.test_errors" name="test_default_remediation_is_non_empty[EvidenceIntegrityError]" time="0.000" /><testcase classname="tests.test_errors" name="test_default_remediation_is_non_empty[GeometryRefused]" time="0.000" /><testcase classname="tests.test_errors" name="test_default_remediation_is_non_empty[LedgerBusy]" time="0.000" /><testcase classname="tests.test_errors" name="test_default_remediation_is_non_empty[LedgerChainBroken]" time="0.000" /><testcase classname="tests.test_errors" name="test_default_remediation_is_non_empty[MountedRefused]" time="0.000" /><testcase classname="tests.test_errors" name="test_default_remediation_is_non_empty[OverwriteIncomplete]" time="0.000" /><testcase classname="tests.test_errors" name="test_default_remediation_is_non_empty[PlatformUnsupported]" time="0.000" /><testcase classname="tests.test_errors" name="test_default_remediation_is_non_empty[SignatureInvalid]" time="0.000" /><testcase classname="tests.test_errors" name="test_default_remediation_is_non_empty[SystemDiskRefused]" time="0.000" /><testcase classname="tests.test_errors" name="test_default_remediation_is_non_empty[UnsupportedCapability]" time="0.000" /><testcase classname="tests.test_errors" name="test_explicit_remediation_overrides_default" time="0.000" /><testcase classname="tests.test_errors" name="test_platform_unsupported_names_a_linux_route" time="0.000" /><testcase classname="tests.test_models" name="test_star_export_matches_all" time="0.000" /><testcase classname="tests.test_models" name="test_device_round_trip" time="0.000" /><testcase classname="tests.test_models" name="test_erase_job_defaults_to_dry_run" time="0.000" /><testcase classname="tests.test_models" name="test_candidate_round_trip" time="0.000" /><testcase classname="tests.test_models" name="test_verification_round_trip" time="0.000" /><testcase classname="tests.test_models" name="test_ledger_entry_round_trip" time="0.000" /><testcase classname="tests.test_models" name="test_report_round_trip" time="0.000" /><testcase classname="tests.test_models" name="test_progress_reaches_canon_without_a_transform" time="0.000" /><testcase classname="tests.test_models" name="test_progress_rejects_percentage_outside_basis_point_range" time="0.000" /><testcase classname="tests.test_models" name="test_no_ledgered_model_carries_a_float" time="0.001" /><testcase classname="tests.test_models" name="test_confidence_fields_are_bounded_basis_points" time="0.000" /><testcase classname="tests.test_stubs_raise" name="test_no_core_public_function_returns_none_silently" time="0.002" /><testcase classname="tests.test_stubs_raise" name="test_inspect_finds_no_pass_only_bodies" time="0.001" /><testcase classname="tests.test_workflow" name="test_the_eleven_states_are_the_documented_ones" time="0.000" /><testcase classname="tests.test_workflow" name="test_an_absent_device_is_blocked_with_a_reason" time="0.000" /><testcase classname="tests.test_workflow" name="test_a_present_device_without_preflight_is_discovered" time="0.000" /><testcase classname="tests.test_workflow" name="test_a_preflight_refusal_blocks_and_carries_the_refusal_text" time="0.000" /><testcase classname="tests.test_workflow" name="test_disagreeing_serial_sources_block_even_after_a_safe_preflight" time="0.000" /><testcase classname="tests.test_workflow" name="test_no_backup_means_backup_required" time="0.000" /><testcase classname="tests.test_workflow" name="test_a_sufficient_backup_without_a_plan_is_backup_verified" time="0.000" /><testcase classname="tests.test_workflow" name="test_a_clean_plan_without_approval_requires_a_human" time="0.000" /><testcase classname="tests.test_workflow" name="test_a_plan_with_any_blocking_reason_is_blocked_not_ready" time="0.000" /><testcase classname="tests.test_workflow" name="test_approval_on_a_clean_plan_is_plan_ready" time="0.000" /><testcase classname="tests.test_workflow" name="test_approval_cannot_rescue_a_missing_backup" time="0.000" /><testcase classname="tests.test_workflow" name="test_runtime_states_follow_the_operation" time="0.000" /><testcase classname="tests.test_workflow" name="test_failure_outranks_every_other_fact" time="0.000" /><testcase classname="tests.test_workflow" name="test_every_state_names_a_next_action" time="0.000" /><testcase classname="tests.test_workflow" name="test_no_edge_reaches_executing_except_from_plan_ready" time="0.000" /><testcase classname="tests.test_workflow" name="test_complete_is_reached_only_through_verifying" time="0.000" /><testcase classname="tests.test_workflow" name="test_terminal_states_have_no_exits" time="0.000" /><testcase classname="tests.test_workflow" name="test_advance_refuses_skipping_the_backup" time="0.000" /><testcase classname="tests.test_workflow" name="test_advance_refuses_executing_without_approval" time="0.000" /><testcase classname="tests.test_workflow" name="test_advance_refuses_an_edge_the_facts_do_not_support" time="0.000" /><testcase classname="tests.test_workflow" name="test_advance_allows_the_legal_path" time="0.000" /><testcase classname="tests.test_workflow" name="test_advance_out_of_a_terminal_state_is_refused" time="0.000" /><testcase classname="tests.test_workflow" name="test_status_serialises_for_reports_and_screens" time="0.000" /><testcase classname="tests.testkit.test_benchmark_scoring" name="test_every_output_class_is_counted_once" time="0.003" /><testcase classname="tests.testkit.test_benchmark_scoring" name="test_the_score_does_not_depend_on_the_tool_or_file_names" time="0.002" /><testcase classname="tests.testkit.test_benchmark_scoring" name="test_only_restricts_the_outputs_scored" time="0.001" /><testcase classname="tests.testkit.test_benchmark_scoring" name="test_scoring_the_output_index_equals_scoring_the_files" time="0.003" /><testcase classname="tests.testkit.test_damage_models" name="test_status_is_the_overlap_of_extents_and_damage" time="0.000" /><testcase classname="tests.testkit.test_damage_models" name="test_locate_places_a_zero_block_by_the_run_it_belongs_to" time="0.021" /><testcase classname="tests.testkit.test_damage_models" name="test_truncation_cuts_through_the_median_file" time="0.015" /><testcase classname="tests.testkit.test_damage_models" name="test_zeroed_regions_are_zeros_and_statuses_follow_them" time="0.015" /><testcase classname="tests.testkit.test_damage_models" name="test_interleaved_overwrite_damages_the_victim_and_plants_the_later_file" time="0.015" /><testcase classname="tests.testkit.test_damage_models" name="test_a_manifest_round_trips" time="0.014" /><testcase classname="tests.testkit.test_damage_models" name="test_metadata_destruction_blinds_the_filesystem_and_spares_the_data[fat32]" time="0.159" /><testcase classname="tests.testkit.test_damage_models" name="test_metadata_destruction_blinds_the_filesystem_and_spares_the_data[exfat]" time="0.057" /><testcase classname="tests.testkit.test_damage_models" name="test_metadata_destruction_blinds_the_filesystem_and_spares_the_data[ntfs]" time="0.118" /><testcase classname="tests.testkit.test_damage_models" name="test_metadata_destruction_blinds_the_filesystem_and_spares_the_data[ext4]" time="0.090" /><testcase classname="tests.ui.test_no_percent_on_evidence_score" name="test_no_tsx_source_formats_a_carve_confidence_as_a_percentage" time="0.003" /><testcase classname="tests.ui.test_no_percent_on_evidence_score" name="test_the_recovery_screen_uses_the_evidence_score_formatter" time="0.000" /><testcase classname="tests.ui.test_no_percent_on_evidence_score" name="test_the_table_column_is_not_headed_confidence_alone" time="0.000" /><testcase classname="tests.ui.test_no_percent_on_evidence_score" name="test_the_formatter_documents_why_the_two_numbers_differ" time="0.000" /><testcase classname="tests.ui.test_ui_units" name="test_the_ui_unit_tests_pass" time="0.433" /><testcase classname="tests.ui.test_workflow_vocabulary" name="test_the_ui_state_names_are_exactly_the_state_machine_names" time="0.008" /></testsuite></testsuites>